Kanata    0004
C=	268632
I	0	268632	0
S	0	0	CMD
L	0	0	k_FLUSH\n
C	1
S	0	0	LOOP_CONV
L	0	1	\n0x0ef7b07b 
L	0	2	\n0x0ef7b07b 
C	1
S	0	0	LOOP_MM
L	0	1	\n0x0ef7b07b 
L	0	2	\n0x0ef7b07b 
C	1
R	0	0	0
C	5934
I	1	274569	0
S	1	0	CMD
L	1	0	k_CONFIG CONFIG_EX  Output stationary: WEIGHT_STATIONARY, Activation: NO_ACTIVATION, stride: 0x104, scalar: 0x10000, right shift: 0x0\n
C	1
S	1	0	LOOP_CONV
L	1	1	\n0x00e7b07b 
L	1	2	\n0x00e7b07b 
C	1
S	1	0	LOOP_MM
L	1	1	\n0x00e7b07b 
L	1	2	\n0x00e7b07b 
C	2
S	1	0	ROB_ISSUE
L	1	0	k_CONFIG CONFIG_EX  Output stationary: WEIGHT_STATIONARY, Activation: NO_ACTIVATION, stride: 0x104, scalar: 0x10000, right shift: 0x0\n
C	1
S	1	0	EX_ISSUE
L	1	1	\n0x00e7b07b 
L	1	2	\n0x00e7b07b 
I	2	274574	0
S	2	0	CMD
L	2	0	k_CONFIG CONFIG_ST\n
C	1
S	2	0	LOOP_CONV
L	2	1	\n0x00f7307b 
L	2	2	\n0x00f7307b 
C	1
S	1	0	EX_RET
L	1	1	\n0x0 
L	1	2	\n0x0 
S	2	0	LOOP_MM
L	2	1	\n0x00f7307b 
L	2	2	\n0x00f7307b 
C	1
R	1	1	0
C	1
S	2	0	ROB_ISSUE
L	2	0	k_CONFIG CONFIG_ST\n
C	1
S	2	0	ST_ISSUE
L	2	1	\n0x00f7307b 
L	2	2	\n0x00f7307b 
C	1
R	2	2	0
C	18
I	3	274598	0
S	3	0	CMD
L	3	0	k_CONFIG CONFIG_LD  Spad stride: 0x101, scale: 0x100000, mem stride: 0x13\n
C	1
S	3	0	LOOP_CONV
L	3	1	\n0x00d7b07b 
L	3	2	\n0x00d7b07b 
C	1
S	3	0	LOOP_MM
L	3	1	\n0x00d7b07b 
L	3	2	\n0x00d7b07b 
C	2
S	3	0	ROB_ISSUE
L	3	0	k_CONFIG CONFIG_LD  Spad stride: 0x101, scale: 0x100000, mem stride: 0x13\n
C	1
S	3	0	LD_ISSUE
L	3	1	\n0x00d7b07b 
L	3	2	\n0x00d7b07b 
C	1
R	3	3	0
C	1
I	4	274605	0
S	4	0	CMD
L	4	0	k_CONFIG CONFIG_LD  Spad stride: 0x109, scale: 0x100000, mem stride: 0x11\n
C	1
S	4	0	LOOP_CONV
L	4	1	\n0x00e7b07b 
L	4	2	\n0x00e7b07b 
C	1
S	4	0	LOOP_MM
L	4	1	\n0x00e7b07b 
L	4	2	\n0x00e7b07b 
C	2
S	4	0	ROB_ISSUE
L	4	0	k_CONFIG CONFIG_LD  Spad stride: 0x109, scale: 0x100000, mem stride: 0x11\n
C	1
S	4	0	LD_ISSUE
L	4	1	\n0x00e7b07b 
L	4	2	\n0x00e7b07b 
C	1
R	4	4	0
C	1
I	5	274612	0
S	5	0	CMD
L	5	0	k_CONFIG CONFIG_LD  Spad stride: 0x111, scale: 0x100000, mem stride: 0x44\n
C	1
S	5	0	LOOP_CONV
L	5	1	\n0x00c7b07b 
L	5	2	\n0x00c7b07b 
C	1
S	5	0	LOOP_MM
L	5	1	\n0x00c7b07b 
L	5	2	\n0x00c7b07b 
C	2
S	5	0	ROB_ISSUE
L	5	0	k_CONFIG CONFIG_LD  Spad stride: 0x111, scale: 0x100000, mem stride: 0x44\n
C	1
S	5	0	LD_ISSUE
L	5	1	\n0x00c7b07b 
L	5	2	\n0x00c7b07b 
C	1
R	5	5	0
C	181
I	6	274799	0
S	6	0	CMD
L	6	0	k_LOOP_WS_CONFIG_BOUNDS Padding: I: 0xd, J: 0xd, K: 0xf0000, Addresses: I: 0x2, J: 0x2, K: 0x20000\n
C	1
S	6	0	LOOP_CONV
L	6	1	\n0x1307307b 
L	6	2	\n0x1307307b 
I	7	274800	0
S	7	0	CMD
L	7	0	k_LOOP_WS_CONFIG_ADDRS_AB A addr: 0x800034a0, B addr: 0x80003360\n
C	1
S	6	0	LOOP_MM
L	6	1	\n0x1307307b 
L	6	2	\n0x1307307b 
S	7	0	LOOP_CONV
L	7	1	\n0x14b5307b 
L	7	2	\n0x14b5307b 
C	1
R	6	6	0
S	7	0	LOOP_MM
L	7	1	\n0x14b5307b 
L	7	2	\n0x14b5307b 
C	1
R	7	7	0
C	19
I	8	274822	0
S	8	0	CMD
L	8	0	k_LOOP_WS_CONFIG_ADDRS_DC D addr: 0x0, C addr: 0x80003210\n
C	1
S	8	0	LOOP_CONV
L	8	1	\n0x16d7b07b 
L	8	2	\n0x16d7b07b 
C	1
S	8	0	LOOP_MM
L	8	1	\n0x16d7b07b 
L	8	2	\n0x16d7b07b 
C	1
R	8	8	0
C	1
I	9	274826	0
S	9	0	CMD
L	9	0	k_LOOP_WS_CONFIG_STRIDES_AB A stride: 19, B stride: 17\n
C	1
S	9	0	LOOP_CONV
L	9	1	\n0x18e7b07b 
L	9	2	\n0x18e7b07b 
C	1
S	9	0	LOOP_MM
L	9	1	\n0x18e7b07b 
L	9	2	\n0x18e7b07b 
C	1
R	9	9	0
C	6
I	10	274835	0
S	10	0	CMD
L	10	0	k_LOOP_WS_CONFIG_STRIDES_DC D stride: 17, C stride: 17\n
C	1
S	10	0	LOOP_CONV
L	10	1	\n0x1af3307b 
L	10	2	\n0x1af3307b 
C	1
S	10	0	LOOP_MM
L	10	1	\n0x1af3307b 
L	10	2	\n0x1af3307b 
C	1
R	10	10	0
C	43
I	11	274881	0
S	11	0	CMD
L	11	0	k_LOOP_WS Activation: NO_ACTIVATION, Low D: 0, Full C: 0, Ex Accumulate: 0, B Transpose: 0, A Transpose: 1\n
C	1
S	11	0	LOOP_CONV
L	11	1	\n0x10e7b07b 
L	11	2	\n0x10e7b07b 
C	1
S	11	0	LOOP_MM
L	11	1	\n0x10e7b07b 
L	11	2	\n0x10e7b07b 
C	1
R	11	11	0
C	2
I	12	274886	0
S	12	0	LOOP_MM_CMD
L	12	1	\n0x02000000 
L	12	2	\n0x02000000 
C	1
S	12	0	ROB_ISSUE
L	12	0	k_MVIN2 DRAM addr: 0x80003360, Scratchpad addr: 0x1fc0, 8128 cols loaded, 8128 rows loaded\n
I	13	274887	0
S	13	0	LOOP_MM_CMD
L	13	1	\n0x04000000 
L	13	2	\n0x04000000 
C	1
S	12	0	LD_ISSUE
L	12	1	\n0x02000000 
L	12	2	\n0x02000000 
S	13	0	ROB_ISSUE
L	13	0	k_MVIN DRAM addr: 0x800034a0, Scratchpad addr: 0x0, 0 cols loaded, 0 rows loaded\n
I	14	274888	0
S	14	0	LOOP_MM_CMD
L	14	1	\n0x0c000000 
L	14	2	\n0x0c000000 
I	15	274888	0
S	15	0	LOOP_MM_CMD
L	15	1	\n0x0c000000 
L	15	2	\n0x0c000000 
I	16	274888	0
S	16	0	LOOP_MM_CMD
L	16	1	\n0x0c000000 
L	16	2	\n0x0c000000 
I	17	274888	0
S	17	0	LOOP_MM_CMD
L	17	1	\n0x0c000000 
L	17	2	\n0x0c000000 
I	18	274888	0
S	18	0	LOOP_MM_CMD
L	18	1	\n0x0c000000 
L	18	2	\n0x0c000000 
I	19	274888	0
S	19	0	LOOP_MM_CMD
L	19	1	\n0x0c000000 
L	19	2	\n0x0c000000 
I	20	274888	0
S	20	0	LOOP_MM_CMD
L	20	1	\n0x0c000000 
L	20	2	\n0x0c000000 
I	21	274888	0
S	21	0	LOOP_MM_CMD
L	21	1	\n0x0c000000 
L	21	2	\n0x0c000000 
I	22	274888	0
S	22	0	LOOP_MM_CMD
L	22	1	\n0x0c000000 
L	22	2	\n0x0c000000 
I	23	274888	0
S	23	0	LOOP_MM_CMD
L	23	1	\n0x0c000000 
L	23	2	\n0x0c000000 
I	24	274888	0
S	24	0	LOOP_MM_CMD
L	24	1	\n0x0c000000 
L	24	2	\n0x0c000000 
I	25	274888	0
S	25	0	LOOP_MM_CMD
L	25	1	\n0x0c000000 
L	25	2	\n0x0c000000 
I	26	274888	0
S	26	0	LOOP_MM_CMD
L	26	1	\n0x0c000000 
L	26	2	\n0x0c000000 
I	27	274888	0
S	27	0	LOOP_MM_CMD
L	27	1	\n0x0c000000 
L	27	2	\n0x0c000000 
I	28	274888	0
S	28	0	LOOP_MM_CMD
L	28	1	\n0x0c000000 
L	28	2	\n0x0c000000 
I	29	274888	0
S	29	0	LOOP_MM_CMD
L	29	1	\n0x0c000000 
L	29	2	\n0x0c000000 
I	30	274888	0
S	30	0	LOOP_MM_CMD
L	30	1	\n0x0c000000 
L	30	2	\n0x0c000000 
I	31	274888	0
S	31	0	LOOP_MM_CMD
L	31	1	\n0x0c000000 
L	31	2	\n0x0c000000 
I	32	274888	0
S	32	0	LOOP_MM_CMD
L	32	1	\n0x0c000000 
L	32	2	\n0x0c000000 
I	33	274888	0
S	33	0	LOOP_MM_CMD
L	33	1	\n0x0c000000 
L	33	2	\n0x0c000000 
I	34	274888	0
S	34	0	LOOP_MM_CMD
L	34	1	\n0x0c000000 
L	34	2	\n0x0c000000 
I	35	274888	0
S	35	0	LOOP_MM_CMD
L	35	1	\n0x0c000000 
L	35	2	\n0x0c000000 
I	36	274888	0
S	36	0	LOOP_MM_CMD
L	36	1	\n0x0c000000 
L	36	2	\n0x0c000000 
I	37	274888	0
S	37	0	LOOP_MM_CMD
L	37	1	\n0x0c000000 
L	37	2	\n0x0c000000 
I	38	274888	0
S	38	0	LOOP_MM_CMD
L	38	1	\n0x0c000000 
L	38	2	\n0x0c000000 
I	39	274888	0
S	39	0	LOOP_MM_CMD
L	39	1	\n0x0c000000 
L	39	2	\n0x0c000000 
I	40	274888	0
S	40	0	LOOP_MM_CMD
L	40	1	\n0x0c000000 
L	40	2	\n0x0c000000 
I	41	274888	0
S	41	0	LOOP_MM_CMD
L	41	1	\n0x0c000000 
L	41	2	\n0x0c000000 
I	42	274888	0
S	42	0	LOOP_MM_CMD
L	42	1	\n0x0c000000 
L	42	2	\n0x0c000000 
I	43	274888	0
S	43	0	LOOP_MM_CMD
L	43	1	\n0x0c000000 
L	43	2	\n0x0c000000 
I	44	274888	0
S	44	0	LOOP_MM_CMD
L	44	1	\n0x0c000000 
L	44	2	\n0x0c000000 
I	45	274888	0
S	45	0	LOOP_MM_CMD
L	45	1	\n0x0c000000 
L	45	2	\n0x0c000000 
I	46	274888	0
S	46	0	LOOP_MM_CMD
L	46	1	\n0x0c000000 
L	46	2	\n0x0c000000 
C	1
S	13	0	LD_ISSUE
L	13	1	\n0x04000000 
L	13	2	\n0x04000000 
S	14	0	ROB_ISSUE
L	14	0	k_PRELOAD D Scratchpad addr: 0x1fc0, 8128 cols, 8128 rows, C Scratchpad addr: 0x80000000, 0 cols, 0 rows\n
S	15	0	ROB_ISSUE
L	15	0	k_PRELOAD D Scratchpad addr: 0x1fc0, 8128 cols, 8128 rows, C Scratchpad addr: 0x80000000, 0 cols, 0 rows\n
S	16	0	ROB_ISSUE
L	16	0	k_PRELOAD D Scratchpad addr: 0x1fc0, 8128 cols, 8128 rows, C Scratchpad addr: 0x80000000, 0 cols, 0 rows\n
S	17	0	ROB_ISSUE
L	17	0	k_PRELOAD D Scratchpad addr: 0x1fc0, 8128 cols, 8128 rows, C Scratchpad addr: 0x80000000, 0 cols, 0 rows\n
S	18	0	ROB_ISSUE
L	18	0	k_PRELOAD D Scratchpad addr: 0x1fc0, 8128 cols, 8128 rows, C Scratchpad addr: 0x80000000, 0 cols, 0 rows\n
S	19	0	ROB_ISSUE
L	19	0	k_PRELOAD D Scratchpad addr: 0x1fc0, 8128 cols, 8128 rows, C Scratchpad addr: 0x80000000, 0 cols, 0 rows\n
S	20	0	ROB_ISSUE
L	20	0	k_PRELOAD D Scratchpad addr: 0x1fc0, 8128 cols, 8128 rows, C Scratchpad addr: 0x80000000, 0 cols, 0 rows\n
S	21	0	ROB_ISSUE
L	21	0	k_PRELOAD D Scratchpad addr: 0x1fc0, 8128 cols, 8128 rows, C Scratchpad addr: 0x80000000, 0 cols, 0 rows\n
S	22	0	ROB_ISSUE
L	22	0	k_PRELOAD D Scratchpad addr: 0x1fc0, 8128 cols, 8128 rows, C Scratchpad addr: 0x80000000, 0 cols, 0 rows\n
S	23	0	ROB_ISSUE
L	23	0	k_PRELOAD D Scratchpad addr: 0x1fc0, 8128 cols, 8128 rows, C Scratchpad addr: 0x80000000, 0 cols, 0 rows\n
S	24	0	ROB_ISSUE
L	24	0	k_PRELOAD D Scratchpad addr: 0x1fc0, 8128 cols, 8128 rows, C Scratchpad addr: 0x80000000, 0 cols, 0 rows\n
S	25	0	ROB_ISSUE
L	25	0	k_PRELOAD D Scratchpad addr: 0x1fc0, 8128 cols, 8128 rows, C Scratchpad addr: 0x80000000, 0 cols, 0 rows\n
S	26	0	ROB_ISSUE
L	26	0	k_PRELOAD D Scratchpad addr: 0x1fc0, 8128 cols, 8128 rows, C Scratchpad addr: 0x80000000, 0 cols, 0 rows\n
S	27	0	ROB_ISSUE
L	27	0	k_PRELOAD D Scratchpad addr: 0x1fc0, 8128 cols, 8128 rows, C Scratchpad addr: 0x80000000, 0 cols, 0 rows\n
S	28	0	ROB_ISSUE
L	28	0	k_PRELOAD D Scratchpad addr: 0x1fc0, 8128 cols, 8128 rows, C Scratchpad addr: 0x80000000, 0 cols, 0 rows\n
S	29	0	ROB_ISSUE
L	29	0	k_PRELOAD D Scratchpad addr: 0x1fc0, 8128 cols, 8128 rows, C Scratchpad addr: 0x80000000, 0 cols, 0 rows\n
S	30	0	ROB_ISSUE
L	30	0	k_PRELOAD D Scratchpad addr: 0x1fc0, 8128 cols, 8128 rows, C Scratchpad addr: 0x80000000, 0 cols, 0 rows\n
S	31	0	ROB_ISSUE
L	31	0	k_PRELOAD D Scratchpad addr: 0x1fc0, 8128 cols, 8128 rows, C Scratchpad addr: 0x80000000, 0 cols, 0 rows\n
S	32	0	ROB_ISSUE
L	32	0	k_PRELOAD D Scratchpad addr: 0x1fc0, 8128 cols, 8128 rows, C Scratchpad addr: 0x80000000, 0 cols, 0 rows\n
S	33	0	ROB_ISSUE
L	33	0	k_PRELOAD D Scratchpad addr: 0x1fc0, 8128 cols, 8128 rows, C Scratchpad addr: 0x80000000, 0 cols, 0 rows\n
S	34	0	ROB_ISSUE
L	34	0	k_PRELOAD D Scratchpad addr: 0x1fc0, 8128 cols, 8128 rows, C Scratchpad addr: 0x80000000, 0 cols, 0 rows\n
S	35	0	ROB_ISSUE
L	35	0	k_PRELOAD D Scratchpad addr: 0x1fc0, 8128 cols, 8128 rows, C Scratchpad addr: 0x80000000, 0 cols, 0 rows\n
S	36	0	ROB_ISSUE
L	36	0	k_PRELOAD D Scratchpad addr: 0x1fc0, 8128 cols, 8128 rows, C Scratchpad addr: 0x80000000, 0 cols, 0 rows\n
S	37	0	ROB_ISSUE
L	37	0	k_PRELOAD D Scratchpad addr: 0x1fc0, 8128 cols, 8128 rows, C Scratchpad addr: 0x80000000, 0 cols, 0 rows\n
S	38	0	ROB_ISSUE
L	38	0	k_PRELOAD D Scratchpad addr: 0x1fc0, 8128 cols, 8128 rows, C Scratchpad addr: 0x80000000, 0 cols, 0 rows\n
S	39	0	ROB_ISSUE
L	39	0	k_PRELOAD D Scratchpad addr: 0x1fc0, 8128 cols, 8128 rows, C Scratchpad addr: 0x80000000, 0 cols, 0 rows\n
S	40	0	ROB_ISSUE
L	40	0	k_PRELOAD D Scratchpad addr: 0x1fc0, 8128 cols, 8128 rows, C Scratchpad addr: 0x80000000, 0 cols, 0 rows\n
S	41	0	ROB_ISSUE
L	41	0	k_PRELOAD D Scratchpad addr: 0x1fc0, 8128 cols, 8128 rows, C Scratchpad addr: 0x80000000, 0 cols, 0 rows\n
S	42	0	ROB_ISSUE
L	42	0	k_PRELOAD D Scratchpad addr: 0x1fc0, 8128 cols, 8128 rows, C Scratchpad addr: 0x80000000, 0 cols, 0 rows\n
S	43	0	ROB_ISSUE
L	43	0	k_PRELOAD D Scratchpad addr: 0x1fc0, 8128 cols, 8128 rows, C Scratchpad addr: 0x80000000, 0 cols, 0 rows\n
S	44	0	ROB_ISSUE
L	44	0	k_PRELOAD D Scratchpad addr: 0x1fc0, 8128 cols, 8128 rows, C Scratchpad addr: 0x80000000, 0 cols, 0 rows\n
S	45	0	ROB_ISSUE
L	45	0	k_PRELOAD D Scratchpad addr: 0x1fc0, 8128 cols, 8128 rows, C Scratchpad addr: 0x80000000, 0 cols, 0 rows\n
S	46	0	ROB_ISSUE
L	46	0	k_PRELOAD D Scratchpad addr: 0x1fc0, 8128 cols, 8128 rows, C Scratchpad addr: 0x80000000, 0 cols, 0 rows\n
I	47	274889	0
S	47	0	LOOP_MM_CMD
L	47	1	\n0x08000000 
L	47	2	\n0x08000000 
C	1
S	47	0	ROB_ISSUE
L	47	0	k_COMPUTE_PRELOADED A Scratchpad addr: 0x0, 0 cols, 0 rows, B Scratchpad addr: 0xe0007fff, 32767 cols, 32767 rows\n
I	48	274890	0
S	48	0	LOOP_MM_CMD
L	48	1	\n0x0c000000 
L	48	2	\n0x0c000000 
I	49	274890	0
S	49	0	LOOP_MM_CMD
L	49	1	\n0x0c000000 
L	49	2	\n0x0c000000 
I	50	274890	0
S	50	0	LOOP_MM_CMD
L	50	1	\n0x0c000000 
L	50	2	\n0x0c000000 
I	51	274890	0
S	51	0	LOOP_MM_CMD
L	51	1	\n0x0c000000 
L	51	2	\n0x0c000000 
I	52	274890	0
S	52	0	LOOP_MM_CMD
L	52	1	\n0x0c000000 
L	52	2	\n0x0c000000 
I	53	274890	0
S	53	0	LOOP_MM_CMD
L	53	1	\n0x0c000000 
L	53	2	\n0x0c000000 
I	54	274890	0
S	54	0	LOOP_MM_CMD
L	54	1	\n0x0c000000 
L	54	2	\n0x0c000000 
I	55	274890	0
S	55	0	LOOP_MM_CMD
L	55	1	\n0x0c000000 
L	55	2	\n0x0c000000 
I	56	274890	0
S	56	0	LOOP_MM_CMD
L	56	1	\n0x0c000000 
L	56	2	\n0x0c000000 
I	57	274890	0
S	57	0	LOOP_MM_CMD
L	57	1	\n0x0c000000 
L	57	2	\n0x0c000000 
I	58	274890	0
S	58	0	LOOP_MM_CMD
L	58	1	\n0x0c000000 
L	58	2	\n0x0c000000 
I	59	274890	0
S	59	0	LOOP_MM_CMD
L	59	1	\n0x0c000000 
L	59	2	\n0x0c000000 
I	60	274890	0
S	60	0	LOOP_MM_CMD
L	60	1	\n0x0c000000 
L	60	2	\n0x0c000000 
I	61	274890	0
S	61	0	LOOP_MM_CMD
L	61	1	\n0x0c000000 
L	61	2	\n0x0c000000 
I	62	274890	0
S	62	0	LOOP_MM_CMD
L	62	1	\n0x0c000000 
L	62	2	\n0x0c000000 
I	63	274890	0
S	63	0	LOOP_MM_CMD
L	63	1	\n0x0c000000 
L	63	2	\n0x0c000000 
I	64	274890	0
S	64	0	LOOP_MM_CMD
L	64	1	\n0x0c000000 
L	64	2	\n0x0c000000 
C	1
S	48	0	ROB_ISSUE
L	48	0	k_PRELOAD D Scratchpad addr: 0xe0007fff, 32767 cols, 32767 rows, C Scratchpad addr: 0x80000020, 0 cols, 32 rows\n
S	49	0	ROB_ISSUE
L	49	0	k_PRELOAD D Scratchpad addr: 0xe0007fff, 32767 cols, 32767 rows, C Scratchpad addr: 0x80000020, 0 cols, 32 rows\n
S	50	0	ROB_ISSUE
L	50	0	k_PRELOAD D Scratchpad addr: 0xe0007fff, 32767 cols, 32767 rows, C Scratchpad addr: 0x80000020, 0 cols, 32 rows\n
S	51	0	ROB_ISSUE
L	51	0	k_PRELOAD D Scratchpad addr: 0xe0007fff, 32767 cols, 32767 rows, C Scratchpad addr: 0x80000020, 0 cols, 32 rows\n
S	52	0	ROB_ISSUE
L	52	0	k_PRELOAD D Scratchpad addr: 0xe0007fff, 32767 cols, 32767 rows, C Scratchpad addr: 0x80000020, 0 cols, 32 rows\n
S	53	0	ROB_ISSUE
L	53	0	k_PRELOAD D Scratchpad addr: 0xe0007fff, 32767 cols, 32767 rows, C Scratchpad addr: 0x80000020, 0 cols, 32 rows\n
S	54	0	ROB_ISSUE
L	54	0	k_PRELOAD D Scratchpad addr: 0xe0007fff, 32767 cols, 32767 rows, C Scratchpad addr: 0x80000020, 0 cols, 32 rows\n
S	55	0	ROB_ISSUE
L	55	0	k_PRELOAD D Scratchpad addr: 0xe0007fff, 32767 cols, 32767 rows, C Scratchpad addr: 0x80000020, 0 cols, 32 rows\n
S	56	0	ROB_ISSUE
L	56	0	k_PRELOAD D Scratchpad addr: 0xe0007fff, 32767 cols, 32767 rows, C Scratchpad addr: 0x80000020, 0 cols, 32 rows\n
S	57	0	ROB_ISSUE
L	57	0	k_PRELOAD D Scratchpad addr: 0xe0007fff, 32767 cols, 32767 rows, C Scratchpad addr: 0x80000020, 0 cols, 32 rows\n
S	58	0	ROB_ISSUE
L	58	0	k_PRELOAD D Scratchpad addr: 0xe0007fff, 32767 cols, 32767 rows, C Scratchpad addr: 0x80000020, 0 cols, 32 rows\n
S	59	0	ROB_ISSUE
L	59	0	k_PRELOAD D Scratchpad addr: 0xe0007fff, 32767 cols, 32767 rows, C Scratchpad addr: 0x80000020, 0 cols, 32 rows\n
S	60	0	ROB_ISSUE
L	60	0	k_PRELOAD D Scratchpad addr: 0xe0007fff, 32767 cols, 32767 rows, C Scratchpad addr: 0x80000020, 0 cols, 32 rows\n
S	61	0	ROB_ISSUE
L	61	0	k_PRELOAD D Scratchpad addr: 0xe0007fff, 32767 cols, 32767 rows, C Scratchpad addr: 0x80000020, 0 cols, 32 rows\n
S	62	0	ROB_ISSUE
L	62	0	k_PRELOAD D Scratchpad addr: 0xe0007fff, 32767 cols, 32767 rows, C Scratchpad addr: 0x80000020, 0 cols, 32 rows\n
S	63	0	ROB_ISSUE
L	63	0	k_PRELOAD D Scratchpad addr: 0xe0007fff, 32767 cols, 32767 rows, C Scratchpad addr: 0x80000020, 0 cols, 32 rows\n
S	64	0	ROB_ISSUE
L	64	0	k_PRELOAD D Scratchpad addr: 0xe0007fff, 32767 cols, 32767 rows, C Scratchpad addr: 0x80000020, 0 cols, 32 rows\n
I	65	274891	0
S	65	0	LOOP_MM_CMD
L	65	1	\n0x0a000000 
L	65	2	\n0x0a000000 
C	1
S	65	0	ROB_ISSUE
L	65	0	k_COMPUTE_ACCUMULATE A Scratchpad addr: 0x10, 16 cols, 16 rows, B Scratchpad addr: 0xe0007fff, 32767 cols, 32767 rows\n
I	66	274892	0
S	66	0	LOOP_MM_CMD
L	66	1	\n0x0c000000 
L	66	2	\n0x0c000000 
I	67	274892	0
S	67	0	LOOP_MM_CMD
L	67	1	\n0x0c000000 
L	67	2	\n0x0c000000 
I	68	274892	0
S	68	0	LOOP_MM_CMD
L	68	1	\n0x0c000000 
L	68	2	\n0x0c000000 
I	69	274892	0
S	69	0	LOOP_MM_CMD
L	69	1	\n0x0c000000 
L	69	2	\n0x0c000000 
I	70	274892	0
S	70	0	LOOP_MM_CMD
L	70	1	\n0x0c000000 
L	70	2	\n0x0c000000 
I	71	274892	0
S	71	0	LOOP_MM_CMD
L	71	1	\n0x0c000000 
L	71	2	\n0x0c000000 
I	72	274892	0
S	72	0	LOOP_MM_CMD
L	72	1	\n0x0c000000 
L	72	2	\n0x0c000000 
I	73	274892	0
S	73	0	LOOP_MM_CMD
L	73	1	\n0x0c000000 
L	73	2	\n0x0c000000 
I	74	274892	0
S	74	0	LOOP_MM_CMD
L	74	1	\n0x0c000000 
L	74	2	\n0x0c000000 
I	75	274892	0
S	75	0	LOOP_MM_CMD
L	75	1	\n0x0c000000 
L	75	2	\n0x0c000000 
I	76	274892	0
S	76	0	LOOP_MM_CMD
L	76	1	\n0x0c000000 
L	76	2	\n0x0c000000 
I	77	274892	0
S	77	0	LOOP_MM_CMD
L	77	1	\n0x0c000000 
L	77	2	\n0x0c000000 
I	78	274892	0
S	78	0	LOOP_MM_CMD
L	78	1	\n0x0c000000 
L	78	2	\n0x0c000000 
I	79	274892	0
S	79	0	LOOP_MM_CMD
L	79	1	\n0x0c000000 
L	79	2	\n0x0c000000 
I	80	274892	0
S	80	0	LOOP_MM_CMD
L	80	1	\n0x0c000000 
L	80	2	\n0x0c000000 
I	81	274892	0
S	81	0	LOOP_MM_CMD
L	81	1	\n0x0c000000 
L	81	2	\n0x0c000000 
I	82	274892	0
S	82	0	LOOP_MM_CMD
L	82	1	\n0x0c000000 
L	82	2	\n0x0c000000 
I	83	274892	0
S	83	0	LOOP_MM_CMD
L	83	1	\n0x0c000000 
L	83	2	\n0x0c000000 
I	84	274892	0
S	84	0	LOOP_MM_CMD
L	84	1	\n0x0c000000 
L	84	2	\n0x0c000000 
I	85	274892	0
S	85	0	LOOP_MM_CMD
L	85	1	\n0x0c000000 
L	85	2	\n0x0c000000 
I	86	274892	0
S	86	0	LOOP_MM_CMD
L	86	1	\n0x0c000000 
L	86	2	\n0x0c000000 
I	87	274892	0
S	87	0	LOOP_MM_CMD
L	87	1	\n0x0c000000 
L	87	2	\n0x0c000000 
I	88	274892	0
S	88	0	LOOP_MM_CMD
L	88	1	\n0x0c000000 
L	88	2	\n0x0c000000 
I	89	274892	0
S	89	0	LOOP_MM_CMD
L	89	1	\n0x0c000000 
L	89	2	\n0x0c000000 
I	90	274892	0
S	90	0	LOOP_MM_CMD
L	90	1	\n0x0c000000 
L	90	2	\n0x0c000000 
I	91	274892	0
S	91	0	LOOP_MM_CMD
L	91	1	\n0x0c000000 
L	91	2	\n0x0c000000 
I	92	274892	0
S	92	0	LOOP_MM_CMD
L	92	1	\n0x0c000000 
L	92	2	\n0x0c000000 
I	93	274892	0
S	93	0	LOOP_MM_CMD
L	93	1	\n0x0c000000 
L	93	2	\n0x0c000000 
I	94	274892	0
S	94	0	LOOP_MM_CMD
L	94	1	\n0x0c000000 
L	94	2	\n0x0c000000 
I	95	274892	0
S	95	0	LOOP_MM_CMD
L	95	1	\n0x0c000000 
L	95	2	\n0x0c000000 
I	96	274892	0
S	96	0	LOOP_MM_CMD
L	96	1	\n0x0c000000 
L	96	2	\n0x0c000000 
I	97	274892	0
S	97	0	LOOP_MM_CMD
L	97	1	\n0x0c000000 
L	97	2	\n0x0c000000 
I	98	274892	0
S	98	0	LOOP_MM_CMD
L	98	1	\n0x0c000000 
L	98	2	\n0x0c000000 
C	1
S	66	0	ROB_ISSUE
L	66	0	k_PRELOAD D Scratchpad addr: 0x1fd0, 8144 cols, 8144 rows, C Scratchpad addr: 0x80000010, 0 cols, 16 rows\n
S	67	0	ROB_ISSUE
L	67	0	k_PRELOAD D Scratchpad addr: 0x1fd0, 8144 cols, 8144 rows, C Scratchpad addr: 0x80000010, 0 cols, 16 rows\n
S	68	0	ROB_ISSUE
L	68	0	k_PRELOAD D Scratchpad addr: 0x1fd0, 8144 cols, 8144 rows, C Scratchpad addr: 0x80000010, 0 cols, 16 rows\n
S	69	0	ROB_ISSUE
L	69	0	k_PRELOAD D Scratchpad addr: 0x1fd0, 8144 cols, 8144 rows, C Scratchpad addr: 0x80000010, 0 cols, 16 rows\n
S	70	0	ROB_ISSUE
L	70	0	k_PRELOAD D Scratchpad addr: 0x1fd0, 8144 cols, 8144 rows, C Scratchpad addr: 0x80000010, 0 cols, 16 rows\n
S	71	0	ROB_ISSUE
L	71	0	k_PRELOAD D Scratchpad addr: 0x1fd0, 8144 cols, 8144 rows, C Scratchpad addr: 0x80000010, 0 cols, 16 rows\n
S	72	0	ROB_ISSUE
L	72	0	k_PRELOAD D Scratchpad addr: 0x1fd0, 8144 cols, 8144 rows, C Scratchpad addr: 0x80000010, 0 cols, 16 rows\n
S	73	0	ROB_ISSUE
L	73	0	k_PRELOAD D Scratchpad addr: 0x1fd0, 8144 cols, 8144 rows, C Scratchpad addr: 0x80000010, 0 cols, 16 rows\n
S	74	0	ROB_ISSUE
L	74	0	k_PRELOAD D Scratchpad addr: 0x1fd0, 8144 cols, 8144 rows, C Scratchpad addr: 0x80000010, 0 cols, 16 rows\n
S	75	0	ROB_ISSUE
L	75	0	k_PRELOAD D Scratchpad addr: 0x1fd0, 8144 cols, 8144 rows, C Scratchpad addr: 0x80000010, 0 cols, 16 rows\n
S	76	0	ROB_ISSUE
L	76	0	k_PRELOAD D Scratchpad addr: 0x1fd0, 8144 cols, 8144 rows, C Scratchpad addr: 0x80000010, 0 cols, 16 rows\n
S	77	0	ROB_ISSUE
L	77	0	k_PRELOAD D Scratchpad addr: 0x1fd0, 8144 cols, 8144 rows, C Scratchpad addr: 0x80000010, 0 cols, 16 rows\n
S	78	0	ROB_ISSUE
L	78	0	k_PRELOAD D Scratchpad addr: 0x1fd0, 8144 cols, 8144 rows, C Scratchpad addr: 0x80000010, 0 cols, 16 rows\n
S	79	0	ROB_ISSUE
L	79	0	k_PRELOAD D Scratchpad addr: 0x1fd0, 8144 cols, 8144 rows, C Scratchpad addr: 0x80000010, 0 cols, 16 rows\n
S	80	0	ROB_ISSUE
L	80	0	k_PRELOAD D Scratchpad addr: 0x1fd0, 8144 cols, 8144 rows, C Scratchpad addr: 0x80000010, 0 cols, 16 rows\n
S	81	0	ROB_ISSUE
L	81	0	k_PRELOAD D Scratchpad addr: 0x1fd0, 8144 cols, 8144 rows, C Scratchpad addr: 0x80000010, 0 cols, 16 rows\n
S	82	0	ROB_ISSUE
L	82	0	k_PRELOAD D Scratchpad addr: 0x1fd0, 8144 cols, 8144 rows, C Scratchpad addr: 0x80000010, 0 cols, 16 rows\n
S	83	0	ROB_ISSUE
L	83	0	k_PRELOAD D Scratchpad addr: 0x1fd0, 8144 cols, 8144 rows, C Scratchpad addr: 0x80000010, 0 cols, 16 rows\n
S	84	0	ROB_ISSUE
L	84	0	k_PRELOAD D Scratchpad addr: 0x1fd0, 8144 cols, 8144 rows, C Scratchpad addr: 0x80000010, 0 cols, 16 rows\n
S	85	0	ROB_ISSUE
L	85	0	k_PRELOAD D Scratchpad addr: 0x1fd0, 8144 cols, 8144 rows, C Scratchpad addr: 0x80000010, 0 cols, 16 rows\n
S	86	0	ROB_ISSUE
L	86	0	k_PRELOAD D Scratchpad addr: 0x1fd0, 8144 cols, 8144 rows, C Scratchpad addr: 0x80000010, 0 cols, 16 rows\n
S	87	0	ROB_ISSUE
L	87	0	k_PRELOAD D Scratchpad addr: 0x1fd0, 8144 cols, 8144 rows, C Scratchpad addr: 0x80000010, 0 cols, 16 rows\n
S	88	0	ROB_ISSUE
L	88	0	k_PRELOAD D Scratchpad addr: 0x1fd0, 8144 cols, 8144 rows, C Scratchpad addr: 0x80000010, 0 cols, 16 rows\n
S	89	0	ROB_ISSUE
L	89	0	k_PRELOAD D Scratchpad addr: 0x1fd0, 8144 cols, 8144 rows, C Scratchpad addr: 0x80000010, 0 cols, 16 rows\n
S	90	0	ROB_ISSUE
L	90	0	k_PRELOAD D Scratchpad addr: 0x1fd0, 8144 cols, 8144 rows, C Scratchpad addr: 0x80000010, 0 cols, 16 rows\n
S	91	0	ROB_ISSUE
L	91	0	k_PRELOAD D Scratchpad addr: 0x1fd0, 8144 cols, 8144 rows, C Scratchpad addr: 0x80000010, 0 cols, 16 rows\n
S	92	0	ROB_ISSUE
L	92	0	k_PRELOAD D Scratchpad addr: 0x1fd0, 8144 cols, 8144 rows, C Scratchpad addr: 0x80000010, 0 cols, 16 rows\n
S	93	0	ROB_ISSUE
L	93	0	k_PRELOAD D Scratchpad addr: 0x1fd0, 8144 cols, 8144 rows, C Scratchpad addr: 0x80000010, 0 cols, 16 rows\n
S	94	0	ROB_ISSUE
L	94	0	k_PRELOAD D Scratchpad addr: 0x1fd0, 8144 cols, 8144 rows, C Scratchpad addr: 0x80000010, 0 cols, 16 rows\n
S	95	0	ROB_ISSUE
L	95	0	k_PRELOAD D Scratchpad addr: 0x1fd0, 8144 cols, 8144 rows, C Scratchpad addr: 0x80000010, 0 cols, 16 rows\n
S	96	0	ROB_ISSUE
L	96	0	k_PRELOAD D Scratchpad addr: 0x1fd0, 8144 cols, 8144 rows, C Scratchpad addr: 0x80000010, 0 cols, 16 rows\n
S	97	0	ROB_ISSUE
L	97	0	k_PRELOAD D Scratchpad addr: 0x1fd0, 8144 cols, 8144 rows, C Scratchpad addr: 0x80000010, 0 cols, 16 rows\n
S	98	0	ROB_ISSUE
L	98	0	k_PRELOAD D Scratchpad addr: 0x1fd0, 8144 cols, 8144 rows, C Scratchpad addr: 0x80000010, 0 cols, 16 rows\n
I	99	274893	0
S	99	0	LOOP_MM_CMD
L	99	1	\n0x08000000 
L	99	2	\n0x08000000 
C	1
S	99	0	ROB_ISSUE
L	99	0	k_COMPUTE_PRELOADED A Scratchpad addr: 0x0, 0 cols, 0 rows, B Scratchpad addr: 0xe0007fff, 32767 cols, 32767 rows\n
I	100	274894	0
S	100	0	LOOP_MM_CMD
L	100	1	\n0x0c000000 
L	100	2	\n0x0c000000 
I	101	274894	0
S	101	0	LOOP_MM_CMD
L	101	1	\n0x0c000000 
L	101	2	\n0x0c000000 
I	102	274894	0
S	102	0	LOOP_MM_CMD
L	102	1	\n0x0c000000 
L	102	2	\n0x0c000000 
I	103	274894	0
S	103	0	LOOP_MM_CMD
L	103	1	\n0x0c000000 
L	103	2	\n0x0c000000 
I	104	274894	0
S	104	0	LOOP_MM_CMD
L	104	1	\n0x0c000000 
L	104	2	\n0x0c000000 
I	105	274894	0
S	105	0	LOOP_MM_CMD
L	105	1	\n0x0c000000 
L	105	2	\n0x0c000000 
I	106	274894	0
S	106	0	LOOP_MM_CMD
L	106	1	\n0x0c000000 
L	106	2	\n0x0c000000 
I	107	274894	0
S	107	0	LOOP_MM_CMD
L	107	1	\n0x0c000000 
L	107	2	\n0x0c000000 
I	108	274894	0
S	108	0	LOOP_MM_CMD
L	108	1	\n0x0c000000 
L	108	2	\n0x0c000000 
I	109	274894	0
S	109	0	LOOP_MM_CMD
L	109	1	\n0x0c000000 
L	109	2	\n0x0c000000 
I	110	274894	0
S	110	0	LOOP_MM_CMD
L	110	1	\n0x0c000000 
L	110	2	\n0x0c000000 
I	111	274894	0
S	111	0	LOOP_MM_CMD
L	111	1	\n0x0c000000 
L	111	2	\n0x0c000000 
I	112	274894	0
S	112	0	LOOP_MM_CMD
L	112	1	\n0x0c000000 
L	112	2	\n0x0c000000 
I	113	274894	0
S	113	0	LOOP_MM_CMD
L	113	1	\n0x0c000000 
L	113	2	\n0x0c000000 
I	114	274894	0
S	114	0	LOOP_MM_CMD
L	114	1	\n0x0c000000 
L	114	2	\n0x0c000000 
I	115	274894	0
S	115	0	LOOP_MM_CMD
L	115	1	\n0x0c000000 
L	115	2	\n0x0c000000 
I	116	274894	0
S	116	0	LOOP_MM_CMD
L	116	1	\n0x0c000000 
L	116	2	\n0x0c000000 
C	1
S	100	0	ROB_ISSUE
L	100	0	k_PRELOAD D Scratchpad addr: 0xe0007fff, 32767 cols, 32767 rows, C Scratchpad addr: 0x80000030, 0 cols, 48 rows\n
S	101	0	ROB_ISSUE
L	101	0	k_PRELOAD D Scratchpad addr: 0xe0007fff, 32767 cols, 32767 rows, C Scratchpad addr: 0x80000030, 0 cols, 48 rows\n
S	102	0	ROB_ISSUE
L	102	0	k_PRELOAD D Scratchpad addr: 0xe0007fff, 32767 cols, 32767 rows, C Scratchpad addr: 0x80000030, 0 cols, 48 rows\n
S	103	0	ROB_ISSUE
L	103	0	k_PRELOAD D Scratchpad addr: 0xe0007fff, 32767 cols, 32767 rows, C Scratchpad addr: 0x80000030, 0 cols, 48 rows\n
S	104	0	ROB_ISSUE
L	104	0	k_PRELOAD D Scratchpad addr: 0xe0007fff, 32767 cols, 32767 rows, C Scratchpad addr: 0x80000030, 0 cols, 48 rows\n
S	105	0	ROB_ISSUE
L	105	0	k_PRELOAD D Scratchpad addr: 0xe0007fff, 32767 cols, 32767 rows, C Scratchpad addr: 0x80000030, 0 cols, 48 rows\n
S	106	0	ROB_ISSUE
L	106	0	k_PRELOAD D Scratchpad addr: 0xe0007fff, 32767 cols, 32767 rows, C Scratchpad addr: 0x80000030, 0 cols, 48 rows\n
S	107	0	ROB_ISSUE
L	107	0	k_PRELOAD D Scratchpad addr: 0xe0007fff, 32767 cols, 32767 rows, C Scratchpad addr: 0x80000030, 0 cols, 48 rows\n
S	108	0	ROB_ISSUE
L	108	0	k_PRELOAD D Scratchpad addr: 0xe0007fff, 32767 cols, 32767 rows, C Scratchpad addr: 0x80000030, 0 cols, 48 rows\n
S	109	0	ROB_ISSUE
L	109	0	k_PRELOAD D Scratchpad addr: 0xe0007fff, 32767 cols, 32767 rows, C Scratchpad addr: 0x80000030, 0 cols, 48 rows\n
S	110	0	ROB_ISSUE
L	110	0	k_PRELOAD D Scratchpad addr: 0xe0007fff, 32767 cols, 32767 rows, C Scratchpad addr: 0x80000030, 0 cols, 48 rows\n
S	111	0	ROB_ISSUE
L	111	0	k_PRELOAD D Scratchpad addr: 0xe0007fff, 32767 cols, 32767 rows, C Scratchpad addr: 0x80000030, 0 cols, 48 rows\n
S	112	0	ROB_ISSUE
L	112	0	k_PRELOAD D Scratchpad addr: 0xe0007fff, 32767 cols, 32767 rows, C Scratchpad addr: 0x80000030, 0 cols, 48 rows\n
S	113	0	ROB_ISSUE
L	113	0	k_PRELOAD D Scratchpad addr: 0xe0007fff, 32767 cols, 32767 rows, C Scratchpad addr: 0x80000030, 0 cols, 48 rows\n
S	114	0	ROB_ISSUE
L	114	0	k_PRELOAD D Scratchpad addr: 0xe0007fff, 32767 cols, 32767 rows, C Scratchpad addr: 0x80000030, 0 cols, 48 rows\n
S	115	0	ROB_ISSUE
L	115	0	k_PRELOAD D Scratchpad addr: 0xe0007fff, 32767 cols, 32767 rows, C Scratchpad addr: 0x80000030, 0 cols, 48 rows\n
S	116	0	ROB_ISSUE
L	116	0	k_PRELOAD D Scratchpad addr: 0xe0007fff, 32767 cols, 32767 rows, C Scratchpad addr: 0x80000030, 0 cols, 48 rows\n
I	117	274895	0
S	117	0	LOOP_MM_CMD
L	117	1	\n0x0a000000 
L	117	2	\n0x0a000000 
C	1
S	117	0	ROB_ISSUE
L	117	0	k_COMPUTE_ACCUMULATE A Scratchpad addr: 0x10, 16 cols, 16 rows, B Scratchpad addr: 0xe0007fff, 32767 cols, 32767 rows\n
I	118	274896	0
S	118	0	LOOP_MM_CMD
L	118	1	\n0x04000000 
L	118	2	\n0x04000000 
C	1
S	118	0	ROB_ISSUE
L	118	0	k_MVIN DRAM addr: 0x800035d0, Scratchpad addr: 0x20, 32 cols loaded, 32 rows loaded\n
I	119	274897	0
S	119	0	LOOP_MM_CMD
L	119	1	\n0x02000000 
L	119	2	\n0x02000000 
C	1
S	118	0	LD_ISSUE
L	118	1	\n0x04000000 
L	118	2	\n0x04000000 
S	119	0	ROB_ISSUE
L	119	0	k_MVIN2 DRAM addr: 0x80003470, Scratchpad addr: 0x1fe0, 8160 cols loaded, 8160 rows loaded\n
I	120	274898	0
S	120	0	LOOP_MM_CMD
L	120	1	\n0x0c000000 
L	120	2	\n0x0c000000 
I	121	274898	0
S	121	0	LOOP_MM_CMD
L	121	1	\n0x0c000000 
L	121	2	\n0x0c000000 
I	122	274898	0
S	122	0	LOOP_MM_CMD
L	122	1	\n0x0c000000 
L	122	2	\n0x0c000000 
I	123	274898	0
S	123	0	LOOP_MM_CMD
L	123	1	\n0x0c000000 
L	123	2	\n0x0c000000 
I	124	274898	0
S	124	0	LOOP_MM_CMD
L	124	1	\n0x0c000000 
L	124	2	\n0x0c000000 
I	125	274898	0
S	125	0	LOOP_MM_CMD
L	125	1	\n0x0c000000 
L	125	2	\n0x0c000000 
I	126	274898	0
S	126	0	LOOP_MM_CMD
L	126	1	\n0x0c000000 
L	126	2	\n0x0c000000 
I	127	274898	0
S	127	0	LOOP_MM_CMD
L	127	1	\n0x0c000000 
L	127	2	\n0x0c000000 
I	128	274898	0
S	128	0	LOOP_MM_CMD
L	128	1	\n0x0c000000 
L	128	2	\n0x0c000000 
I	129	274898	0
S	129	0	LOOP_MM_CMD
L	129	1	\n0x0c000000 
L	129	2	\n0x0c000000 
I	130	274898	0
S	130	0	LOOP_MM_CMD
L	130	1	\n0x0c000000 
L	130	2	\n0x0c000000 
I	131	274898	0
S	131	0	LOOP_MM_CMD
L	131	1	\n0x0c000000 
L	131	2	\n0x0c000000 
I	132	274898	0
S	132	0	LOOP_MM_CMD
L	132	1	\n0x0c000000 
L	132	2	\n0x0c000000 
I	133	274898	0
S	133	0	LOOP_MM_CMD
L	133	1	\n0x0c000000 
L	133	2	\n0x0c000000 
I	134	274898	0
S	134	0	LOOP_MM_CMD
L	134	1	\n0x0c000000 
L	134	2	\n0x0c000000 
I	135	274898	0
S	135	0	LOOP_MM_CMD
L	135	1	\n0x0c000000 
L	135	2	\n0x0c000000 
I	136	274898	0
S	136	0	LOOP_MM_CMD
L	136	1	\n0x0c000000 
L	136	2	\n0x0c000000 
I	137	274898	0
S	137	0	LOOP_MM_CMD
L	137	1	\n0x0c000000 
L	137	2	\n0x0c000000 
I	138	274898	0
S	138	0	LOOP_MM_CMD
L	138	1	\n0x0c000000 
L	138	2	\n0x0c000000 
I	139	274898	0
S	139	0	LOOP_MM_CMD
L	139	1	\n0x0c000000 
L	139	2	\n0x0c000000 
I	140	274898	0
S	140	0	LOOP_MM_CMD
L	140	1	\n0x0c000000 
L	140	2	\n0x0c000000 
I	141	274898	0
S	141	0	LOOP_MM_CMD
L	141	1	\n0x0c000000 
L	141	2	\n0x0c000000 
I	142	274898	0
S	142	0	LOOP_MM_CMD
L	142	1	\n0x0c000000 
L	142	2	\n0x0c000000 
I	143	274898	0
S	143	0	LOOP_MM_CMD
L	143	1	\n0x0c000000 
L	143	2	\n0x0c000000 
I	144	274898	0
S	144	0	LOOP_MM_CMD
L	144	1	\n0x0c000000 
L	144	2	\n0x0c000000 
I	145	274898	0
S	145	0	LOOP_MM_CMD
L	145	1	\n0x0c000000 
L	145	2	\n0x0c000000 
I	146	274898	0
S	146	0	LOOP_MM_CMD
L	146	1	\n0x0c000000 
L	146	2	\n0x0c000000 
I	147	274898	0
S	147	0	LOOP_MM_CMD
L	147	1	\n0x0c000000 
L	147	2	\n0x0c000000 
I	148	274898	0
S	148	0	LOOP_MM_CMD
L	148	1	\n0x0c000000 
L	148	2	\n0x0c000000 
I	149	274898	0
S	149	0	LOOP_MM_CMD
L	149	1	\n0x0c000000 
L	149	2	\n0x0c000000 
I	150	274898	0
S	150	0	LOOP_MM_CMD
L	150	1	\n0x0c000000 
L	150	2	\n0x0c000000 
I	151	274898	0
S	151	0	LOOP_MM_CMD
L	151	1	\n0x0c000000 
L	151	2	\n0x0c000000 
I	152	274898	0
S	152	0	LOOP_MM_CMD
L	152	1	\n0x0c000000 
L	152	2	\n0x0c000000 
C	1
S	119	0	LD_ISSUE
L	119	1	\n0x02000000 
L	119	2	\n0x02000000 
S	120	0	ROB_ISSUE
L	120	0	k_PRELOAD D Scratchpad addr: 0x1fe0, 8160 cols, 8160 rows, C Scratchpad addr: 0xc0000000, 0 cols, 0 rows\n
S	121	0	ROB_ISSUE
L	121	0	k_PRELOAD D Scratchpad addr: 0x1fe0, 8160 cols, 8160 rows, C Scratchpad addr: 0xc0000000, 0 cols, 0 rows\n
S	122	0	ROB_ISSUE
L	122	0	k_PRELOAD D Scratchpad addr: 0x1fe0, 8160 cols, 8160 rows, C Scratchpad addr: 0xc0000000, 0 cols, 0 rows\n
S	123	0	ROB_ISSUE
L	123	0	k_PRELOAD D Scratchpad addr: 0x1fe0, 8160 cols, 8160 rows, C Scratchpad addr: 0xc0000000, 0 cols, 0 rows\n
S	124	0	ROB_ISSUE
L	124	0	k_PRELOAD D Scratchpad addr: 0x1fe0, 8160 cols, 8160 rows, C Scratchpad addr: 0xc0000000, 0 cols, 0 rows\n
S	125	0	ROB_ISSUE
L	125	0	k_PRELOAD D Scratchpad addr: 0x1fe0, 8160 cols, 8160 rows, C Scratchpad addr: 0xc0000000, 0 cols, 0 rows\n
S	126	0	ROB_ISSUE
L	126	0	k_PRELOAD D Scratchpad addr: 0x1fe0, 8160 cols, 8160 rows, C Scratchpad addr: 0xc0000000, 0 cols, 0 rows\n
S	127	0	ROB_ISSUE
L	127	0	k_PRELOAD D Scratchpad addr: 0x1fe0, 8160 cols, 8160 rows, C Scratchpad addr: 0xc0000000, 0 cols, 0 rows\n
S	128	0	ROB_ISSUE
L	128	0	k_PRELOAD D Scratchpad addr: 0x1fe0, 8160 cols, 8160 rows, C Scratchpad addr: 0xc0000000, 0 cols, 0 rows\n
S	129	0	ROB_ISSUE
L	129	0	k_PRELOAD D Scratchpad addr: 0x1fe0, 8160 cols, 8160 rows, C Scratchpad addr: 0xc0000000, 0 cols, 0 rows\n
S	130	0	ROB_ISSUE
L	130	0	k_PRELOAD D Scratchpad addr: 0x1fe0, 8160 cols, 8160 rows, C Scratchpad addr: 0xc0000000, 0 cols, 0 rows\n
S	131	0	ROB_ISSUE
L	131	0	k_PRELOAD D Scratchpad addr: 0x1fe0, 8160 cols, 8160 rows, C Scratchpad addr: 0xc0000000, 0 cols, 0 rows\n
S	132	0	ROB_ISSUE
L	132	0	k_PRELOAD D Scratchpad addr: 0x1fe0, 8160 cols, 8160 rows, C Scratchpad addr: 0xc0000000, 0 cols, 0 rows\n
S	133	0	ROB_ISSUE
L	133	0	k_PRELOAD D Scratchpad addr: 0x1fe0, 8160 cols, 8160 rows, C Scratchpad addr: 0xc0000000, 0 cols, 0 rows\n
S	134	0	ROB_ISSUE
L	134	0	k_PRELOAD D Scratchpad addr: 0x1fe0, 8160 cols, 8160 rows, C Scratchpad addr: 0xc0000000, 0 cols, 0 rows\n
S	135	0	ROB_ISSUE
L	135	0	k_PRELOAD D Scratchpad addr: 0x1fe0, 8160 cols, 8160 rows, C Scratchpad addr: 0xc0000000, 0 cols, 0 rows\n
S	136	0	ROB_ISSUE
L	136	0	k_PRELOAD D Scratchpad addr: 0x1fe0, 8160 cols, 8160 rows, C Scratchpad addr: 0xc0000000, 0 cols, 0 rows\n
S	137	0	ROB_ISSUE
L	137	0	k_PRELOAD D Scratchpad addr: 0x1fe0, 8160 cols, 8160 rows, C Scratchpad addr: 0xc0000000, 0 cols, 0 rows\n
S	138	0	ROB_ISSUE
L	138	0	k_PRELOAD D Scratchpad addr: 0x1fe0, 8160 cols, 8160 rows, C Scratchpad addr: 0xc0000000, 0 cols, 0 rows\n
S	139	0	ROB_ISSUE
L	139	0	k_PRELOAD D Scratchpad addr: 0x1fe0, 8160 cols, 8160 rows, C Scratchpad addr: 0xc0000000, 0 cols, 0 rows\n
S	140	0	ROB_ISSUE
L	140	0	k_PRELOAD D Scratchpad addr: 0x1fe0, 8160 cols, 8160 rows, C Scratchpad addr: 0xc0000000, 0 cols, 0 rows\n
S	141	0	ROB_ISSUE
L	141	0	k_PRELOAD D Scratchpad addr: 0x1fe0, 8160 cols, 8160 rows, C Scratchpad addr: 0xc0000000, 0 cols, 0 rows\n
S	142	0	ROB_ISSUE
L	142	0	k_PRELOAD D Scratchpad addr: 0x1fe0, 8160 cols, 8160 rows, C Scratchpad addr: 0xc0000000, 0 cols, 0 rows\n
S	143	0	ROB_ISSUE
L	143	0	k_PRELOAD D Scratchpad addr: 0x1fe0, 8160 cols, 8160 rows, C Scratchpad addr: 0xc0000000, 0 cols, 0 rows\n
S	144	0	ROB_ISSUE
L	144	0	k_PRELOAD D Scratchpad addr: 0x1fe0, 8160 cols, 8160 rows, C Scratchpad addr: 0xc0000000, 0 cols, 0 rows\n
S	145	0	ROB_ISSUE
L	145	0	k_PRELOAD D Scratchpad addr: 0x1fe0, 8160 cols, 8160 rows, C Scratchpad addr: 0xc0000000, 0 cols, 0 rows\n
S	146	0	ROB_ISSUE
L	146	0	k_PRELOAD D Scratchpad addr: 0x1fe0, 8160 cols, 8160 rows, C Scratchpad addr: 0xc0000000, 0 cols, 0 rows\n
S	147	0	ROB_ISSUE
L	147	0	k_PRELOAD D Scratchpad addr: 0x1fe0, 8160 cols, 8160 rows, C Scratchpad addr: 0xc0000000, 0 cols, 0 rows\n
S	148	0	ROB_ISSUE
L	148	0	k_PRELOAD D Scratchpad addr: 0x1fe0, 8160 cols, 8160 rows, C Scratchpad addr: 0xc0000000, 0 cols, 0 rows\n
S	149	0	ROB_ISSUE
L	149	0	k_PRELOAD D Scratchpad addr: 0x1fe0, 8160 cols, 8160 rows, C Scratchpad addr: 0xc0000000, 0 cols, 0 rows\n
S	150	0	ROB_ISSUE
L	150	0	k_PRELOAD D Scratchpad addr: 0x1fe0, 8160 cols, 8160 rows, C Scratchpad addr: 0xc0000000, 0 cols, 0 rows\n
S	151	0	ROB_ISSUE
L	151	0	k_PRELOAD D Scratchpad addr: 0x1fe0, 8160 cols, 8160 rows, C Scratchpad addr: 0xc0000000, 0 cols, 0 rows\n
S	152	0	ROB_ISSUE
L	152	0	k_PRELOAD D Scratchpad addr: 0x1fe0, 8160 cols, 8160 rows, C Scratchpad addr: 0xc0000000, 0 cols, 0 rows\n
I	153	274899	0
S	153	0	LOOP_MM_CMD
L	153	1	\n0x08000000 
L	153	2	\n0x08000000 
C	1
S	153	0	ROB_ISSUE
L	153	0	k_COMPUTE_PRELOADED A Scratchpad addr: 0x20, 32 cols, 32 rows, B Scratchpad addr: 0xe0007fff, 32767 cols, 32767 rows\n
I	154	274900	0
S	154	0	LOOP_MM_CMD
L	154	1	\n0x0c000000 
L	154	2	\n0x0c000000 
I	155	274900	0
S	155	0	LOOP_MM_CMD
L	155	1	\n0x0c000000 
L	155	2	\n0x0c000000 
I	156	274900	0
S	156	0	LOOP_MM_CMD
L	156	1	\n0x0c000000 
L	156	2	\n0x0c000000 
I	157	274900	0
S	157	0	LOOP_MM_CMD
L	157	1	\n0x0c000000 
L	157	2	\n0x0c000000 
I	158	274900	0
S	158	0	LOOP_MM_CMD
L	158	1	\n0x0c000000 
L	158	2	\n0x0c000000 
I	159	274900	0
S	159	0	LOOP_MM_CMD
L	159	1	\n0x0c000000 
L	159	2	\n0x0c000000 
I	160	274900	0
S	160	0	LOOP_MM_CMD
L	160	1	\n0x0c000000 
L	160	2	\n0x0c000000 
I	161	274900	0
S	161	0	LOOP_MM_CMD
L	161	1	\n0x0c000000 
L	161	2	\n0x0c000000 
I	162	274900	0
S	162	0	LOOP_MM_CMD
L	162	1	\n0x0c000000 
L	162	2	\n0x0c000000 
I	163	274900	0
S	163	0	LOOP_MM_CMD
L	163	1	\n0x0c000000 
L	163	2	\n0x0c000000 
I	164	274900	0
S	164	0	LOOP_MM_CMD
L	164	1	\n0x0c000000 
L	164	2	\n0x0c000000 
I	165	274900	0
S	165	0	LOOP_MM_CMD
L	165	1	\n0x0c000000 
L	165	2	\n0x0c000000 
I	166	274900	0
S	166	0	LOOP_MM_CMD
L	166	1	\n0x0c000000 
L	166	2	\n0x0c000000 
I	167	274900	0
S	167	0	LOOP_MM_CMD
L	167	1	\n0x0c000000 
L	167	2	\n0x0c000000 
I	168	274900	0
S	168	0	LOOP_MM_CMD
L	168	1	\n0x0c000000 
L	168	2	\n0x0c000000 
I	169	274900	0
S	169	0	LOOP_MM_CMD
L	169	1	\n0x0c000000 
L	169	2	\n0x0c000000 
I	170	274900	0
S	170	0	LOOP_MM_CMD
L	170	1	\n0x0c000000 
L	170	2	\n0x0c000000 
C	1
S	154	0	ROB_ISSUE
L	154	0	k_PRELOAD D Scratchpad addr: 0xe0007fff, 32767 cols, 32767 rows, C Scratchpad addr: 0xc0000020, 0 cols, 32 rows\n
S	155	0	ROB_ISSUE
L	155	0	k_PRELOAD D Scratchpad addr: 0xe0007fff, 32767 cols, 32767 rows, C Scratchpad addr: 0xc0000020, 0 cols, 32 rows\n
S	156	0	ROB_ISSUE
L	156	0	k_PRELOAD D Scratchpad addr: 0xe0007fff, 32767 cols, 32767 rows, C Scratchpad addr: 0xc0000020, 0 cols, 32 rows\n
S	157	0	ROB_ISSUE
L	157	0	k_PRELOAD D Scratchpad addr: 0xe0007fff, 32767 cols, 32767 rows, C Scratchpad addr: 0xc0000020, 0 cols, 32 rows\n
S	158	0	ROB_ISSUE
L	158	0	k_PRELOAD D Scratchpad addr: 0xe0007fff, 32767 cols, 32767 rows, C Scratchpad addr: 0xc0000020, 0 cols, 32 rows\n
S	159	0	ROB_ISSUE
L	159	0	k_PRELOAD D Scratchpad addr: 0xe0007fff, 32767 cols, 32767 rows, C Scratchpad addr: 0xc0000020, 0 cols, 32 rows\n
S	160	0	ROB_ISSUE
L	160	0	k_PRELOAD D Scratchpad addr: 0xe0007fff, 32767 cols, 32767 rows, C Scratchpad addr: 0xc0000020, 0 cols, 32 rows\n
S	161	0	ROB_ISSUE
L	161	0	k_PRELOAD D Scratchpad addr: 0xe0007fff, 32767 cols, 32767 rows, C Scratchpad addr: 0xc0000020, 0 cols, 32 rows\n
S	162	0	ROB_ISSUE
L	162	0	k_PRELOAD D Scratchpad addr: 0xe0007fff, 32767 cols, 32767 rows, C Scratchpad addr: 0xc0000020, 0 cols, 32 rows\n
S	163	0	ROB_ISSUE
L	163	0	k_PRELOAD D Scratchpad addr: 0xe0007fff, 32767 cols, 32767 rows, C Scratchpad addr: 0xc0000020, 0 cols, 32 rows\n
S	164	0	ROB_ISSUE
L	164	0	k_PRELOAD D Scratchpad addr: 0xe0007fff, 32767 cols, 32767 rows, C Scratchpad addr: 0xc0000020, 0 cols, 32 rows\n
S	165	0	ROB_ISSUE
L	165	0	k_PRELOAD D Scratchpad addr: 0xe0007fff, 32767 cols, 32767 rows, C Scratchpad addr: 0xc0000020, 0 cols, 32 rows\n
S	166	0	ROB_ISSUE
L	166	0	k_PRELOAD D Scratchpad addr: 0xe0007fff, 32767 cols, 32767 rows, C Scratchpad addr: 0xc0000020, 0 cols, 32 rows\n
S	167	0	ROB_ISSUE
L	167	0	k_PRELOAD D Scratchpad addr: 0xe0007fff, 32767 cols, 32767 rows, C Scratchpad addr: 0xc0000020, 0 cols, 32 rows\n
S	168	0	ROB_ISSUE
L	168	0	k_PRELOAD D Scratchpad addr: 0xe0007fff, 32767 cols, 32767 rows, C Scratchpad addr: 0xc0000020, 0 cols, 32 rows\n
S	169	0	ROB_ISSUE
L	169	0	k_PRELOAD D Scratchpad addr: 0xe0007fff, 32767 cols, 32767 rows, C Scratchpad addr: 0xc0000020, 0 cols, 32 rows\n
S	170	0	ROB_ISSUE
L	170	0	k_PRELOAD D Scratchpad addr: 0xe0007fff, 32767 cols, 32767 rows, C Scratchpad addr: 0xc0000020, 0 cols, 32 rows\n
I	171	274901	0
S	171	0	LOOP_MM_CMD
L	171	1	\n0x0a000000 
L	171	2	\n0x0a000000 
C	1
S	171	0	ROB_ISSUE
L	171	0	k_COMPUTE_ACCUMULATE A Scratchpad addr: 0x30, 48 cols, 48 rows, B Scratchpad addr: 0xe0007fff, 32767 cols, 32767 rows\n
I	172	274902	0
S	172	0	LOOP_MM_CMD
L	172	1	\n0x0c000000 
L	172	2	\n0x0c000000 
I	173	274902	0
S	173	0	LOOP_MM_CMD
L	173	1	\n0x0c000000 
L	173	2	\n0x0c000000 
I	174	274902	0
S	174	0	LOOP_MM_CMD
L	174	1	\n0x0c000000 
L	174	2	\n0x0c000000 
I	175	274902	0
S	175	0	LOOP_MM_CMD
L	175	1	\n0x0c000000 
L	175	2	\n0x0c000000 
I	176	274902	0
S	176	0	LOOP_MM_CMD
L	176	1	\n0x0c000000 
L	176	2	\n0x0c000000 
I	177	274902	0
S	177	0	LOOP_MM_CMD
L	177	1	\n0x0c000000 
L	177	2	\n0x0c000000 
I	178	274902	0
S	178	0	LOOP_MM_CMD
L	178	1	\n0x0c000000 
L	178	2	\n0x0c000000 
I	179	274902	0
S	179	0	LOOP_MM_CMD
L	179	1	\n0x0c000000 
L	179	2	\n0x0c000000 
I	180	274902	0
S	180	0	LOOP_MM_CMD
L	180	1	\n0x0c000000 
L	180	2	\n0x0c000000 
I	181	274902	0
S	181	0	LOOP_MM_CMD
L	181	1	\n0x0c000000 
L	181	2	\n0x0c000000 
I	182	274902	0
S	182	0	LOOP_MM_CMD
L	182	1	\n0x0c000000 
L	182	2	\n0x0c000000 
I	183	274902	0
S	183	0	LOOP_MM_CMD
L	183	1	\n0x0c000000 
L	183	2	\n0x0c000000 
I	184	274902	0
S	184	0	LOOP_MM_CMD
L	184	1	\n0x0c000000 
L	184	2	\n0x0c000000 
I	185	274902	0
S	185	0	LOOP_MM_CMD
L	185	1	\n0x0c000000 
L	185	2	\n0x0c000000 
I	186	274902	0
S	186	0	LOOP_MM_CMD
L	186	1	\n0x0c000000 
L	186	2	\n0x0c000000 
I	187	274902	0
S	187	0	LOOP_MM_CMD
L	187	1	\n0x0c000000 
L	187	2	\n0x0c000000 
I	188	274902	0
S	188	0	LOOP_MM_CMD
L	188	1	\n0x0c000000 
L	188	2	\n0x0c000000 
I	189	274902	0
S	189	0	LOOP_MM_CMD
L	189	1	\n0x0c000000 
L	189	2	\n0x0c000000 
I	190	274902	0
S	190	0	LOOP_MM_CMD
L	190	1	\n0x0c000000 
L	190	2	\n0x0c000000 
I	191	274902	0
S	191	0	LOOP_MM_CMD
L	191	1	\n0x0c000000 
L	191	2	\n0x0c000000 
I	192	274902	0
S	192	0	LOOP_MM_CMD
L	192	1	\n0x0c000000 
L	192	2	\n0x0c000000 
I	193	274902	0
S	193	0	LOOP_MM_CMD
L	193	1	\n0x0c000000 
L	193	2	\n0x0c000000 
I	194	274902	0
S	194	0	LOOP_MM_CMD
L	194	1	\n0x0c000000 
L	194	2	\n0x0c000000 
I	195	274902	0
S	195	0	LOOP_MM_CMD
L	195	1	\n0x0c000000 
L	195	2	\n0x0c000000 
I	196	274902	0
S	196	0	LOOP_MM_CMD
L	196	1	\n0x0c000000 
L	196	2	\n0x0c000000 
I	197	274902	0
S	197	0	LOOP_MM_CMD
L	197	1	\n0x0c000000 
L	197	2	\n0x0c000000 
I	198	274902	0
S	198	0	LOOP_MM_CMD
L	198	1	\n0x0c000000 
L	198	2	\n0x0c000000 
I	199	274902	0
S	199	0	LOOP_MM_CMD
L	199	1	\n0x0c000000 
L	199	2	\n0x0c000000 
I	200	274902	0
S	200	0	LOOP_MM_CMD
L	200	1	\n0x0c000000 
L	200	2	\n0x0c000000 
I	201	274902	0
S	201	0	LOOP_MM_CMD
L	201	1	\n0x0c000000 
L	201	2	\n0x0c000000 
I	202	274902	0
S	202	0	LOOP_MM_CMD
L	202	1	\n0x0c000000 
L	202	2	\n0x0c000000 
I	203	274902	0
S	203	0	LOOP_MM_CMD
L	203	1	\n0x0c000000 
L	203	2	\n0x0c000000 
I	204	274902	0
S	204	0	LOOP_MM_CMD
L	204	1	\n0x0c000000 
L	204	2	\n0x0c000000 
C	1
S	172	0	ROB_ISSUE
L	172	0	k_PRELOAD D Scratchpad addr: 0x1ff0, 8176 cols, 8176 rows, C Scratchpad addr: 0xc0000010, 0 cols, 16 rows\n
S	173	0	ROB_ISSUE
L	173	0	k_PRELOAD D Scratchpad addr: 0x1ff0, 8176 cols, 8176 rows, C Scratchpad addr: 0xc0000010, 0 cols, 16 rows\n
S	174	0	ROB_ISSUE
L	174	0	k_PRELOAD D Scratchpad addr: 0x1ff0, 8176 cols, 8176 rows, C Scratchpad addr: 0xc0000010, 0 cols, 16 rows\n
S	175	0	ROB_ISSUE
L	175	0	k_PRELOAD D Scratchpad addr: 0x1ff0, 8176 cols, 8176 rows, C Scratchpad addr: 0xc0000010, 0 cols, 16 rows\n
S	176	0	ROB_ISSUE
L	176	0	k_PRELOAD D Scratchpad addr: 0x1ff0, 8176 cols, 8176 rows, C Scratchpad addr: 0xc0000010, 0 cols, 16 rows\n
S	177	0	ROB_ISSUE
L	177	0	k_PRELOAD D Scratchpad addr: 0x1ff0, 8176 cols, 8176 rows, C Scratchpad addr: 0xc0000010, 0 cols, 16 rows\n
S	178	0	ROB_ISSUE
L	178	0	k_PRELOAD D Scratchpad addr: 0x1ff0, 8176 cols, 8176 rows, C Scratchpad addr: 0xc0000010, 0 cols, 16 rows\n
S	179	0	ROB_ISSUE
L	179	0	k_PRELOAD D Scratchpad addr: 0x1ff0, 8176 cols, 8176 rows, C Scratchpad addr: 0xc0000010, 0 cols, 16 rows\n
S	180	0	ROB_ISSUE
L	180	0	k_PRELOAD D Scratchpad addr: 0x1ff0, 8176 cols, 8176 rows, C Scratchpad addr: 0xc0000010, 0 cols, 16 rows\n
S	181	0	ROB_ISSUE
L	181	0	k_PRELOAD D Scratchpad addr: 0x1ff0, 8176 cols, 8176 rows, C Scratchpad addr: 0xc0000010, 0 cols, 16 rows\n
S	182	0	ROB_ISSUE
L	182	0	k_PRELOAD D Scratchpad addr: 0x1ff0, 8176 cols, 8176 rows, C Scratchpad addr: 0xc0000010, 0 cols, 16 rows\n
S	183	0	ROB_ISSUE
L	183	0	k_PRELOAD D Scratchpad addr: 0x1ff0, 8176 cols, 8176 rows, C Scratchpad addr: 0xc0000010, 0 cols, 16 rows\n
S	184	0	ROB_ISSUE
L	184	0	k_PRELOAD D Scratchpad addr: 0x1ff0, 8176 cols, 8176 rows, C Scratchpad addr: 0xc0000010, 0 cols, 16 rows\n
S	185	0	ROB_ISSUE
L	185	0	k_PRELOAD D Scratchpad addr: 0x1ff0, 8176 cols, 8176 rows, C Scratchpad addr: 0xc0000010, 0 cols, 16 rows\n
S	186	0	ROB_ISSUE
L	186	0	k_PRELOAD D Scratchpad addr: 0x1ff0, 8176 cols, 8176 rows, C Scratchpad addr: 0xc0000010, 0 cols, 16 rows\n
S	187	0	ROB_ISSUE
L	187	0	k_PRELOAD D Scratchpad addr: 0x1ff0, 8176 cols, 8176 rows, C Scratchpad addr: 0xc0000010, 0 cols, 16 rows\n
S	188	0	ROB_ISSUE
L	188	0	k_PRELOAD D Scratchpad addr: 0x1ff0, 8176 cols, 8176 rows, C Scratchpad addr: 0xc0000010, 0 cols, 16 rows\n
S	189	0	ROB_ISSUE
L	189	0	k_PRELOAD D Scratchpad addr: 0x1ff0, 8176 cols, 8176 rows, C Scratchpad addr: 0xc0000010, 0 cols, 16 rows\n
S	190	0	ROB_ISSUE
L	190	0	k_PRELOAD D Scratchpad addr: 0x1ff0, 8176 cols, 8176 rows, C Scratchpad addr: 0xc0000010, 0 cols, 16 rows\n
S	191	0	ROB_ISSUE
L	191	0	k_PRELOAD D Scratchpad addr: 0x1ff0, 8176 cols, 8176 rows, C Scratchpad addr: 0xc0000010, 0 cols, 16 rows\n
S	192	0	ROB_ISSUE
L	192	0	k_PRELOAD D Scratchpad addr: 0x1ff0, 8176 cols, 8176 rows, C Scratchpad addr: 0xc0000010, 0 cols, 16 rows\n
S	193	0	ROB_ISSUE
L	193	0	k_PRELOAD D Scratchpad addr: 0x1ff0, 8176 cols, 8176 rows, C Scratchpad addr: 0xc0000010, 0 cols, 16 rows\n
S	194	0	ROB_ISSUE
L	194	0	k_PRELOAD D Scratchpad addr: 0x1ff0, 8176 cols, 8176 rows, C Scratchpad addr: 0xc0000010, 0 cols, 16 rows\n
S	195	0	ROB_ISSUE
L	195	0	k_PRELOAD D Scratchpad addr: 0x1ff0, 8176 cols, 8176 rows, C Scratchpad addr: 0xc0000010, 0 cols, 16 rows\n
S	196	0	ROB_ISSUE
L	196	0	k_PRELOAD D Scratchpad addr: 0x1ff0, 8176 cols, 8176 rows, C Scratchpad addr: 0xc0000010, 0 cols, 16 rows\n
S	197	0	ROB_ISSUE
L	197	0	k_PRELOAD D Scratchpad addr: 0x1ff0, 8176 cols, 8176 rows, C Scratchpad addr: 0xc0000010, 0 cols, 16 rows\n
S	198	0	ROB_ISSUE
L	198	0	k_PRELOAD D Scratchpad addr: 0x1ff0, 8176 cols, 8176 rows, C Scratchpad addr: 0xc0000010, 0 cols, 16 rows\n
S	199	0	ROB_ISSUE
L	199	0	k_PRELOAD D Scratchpad addr: 0x1ff0, 8176 cols, 8176 rows, C Scratchpad addr: 0xc0000010, 0 cols, 16 rows\n
S	200	0	ROB_ISSUE
L	200	0	k_PRELOAD D Scratchpad addr: 0x1ff0, 8176 cols, 8176 rows, C Scratchpad addr: 0xc0000010, 0 cols, 16 rows\n
S	201	0	ROB_ISSUE
L	201	0	k_PRELOAD D Scratchpad addr: 0x1ff0, 8176 cols, 8176 rows, C Scratchpad addr: 0xc0000010, 0 cols, 16 rows\n
S	202	0	ROB_ISSUE
L	202	0	k_PRELOAD D Scratchpad addr: 0x1ff0, 8176 cols, 8176 rows, C Scratchpad addr: 0xc0000010, 0 cols, 16 rows\n
S	203	0	ROB_ISSUE
L	203	0	k_PRELOAD D Scratchpad addr: 0x1ff0, 8176 cols, 8176 rows, C Scratchpad addr: 0xc0000010, 0 cols, 16 rows\n
S	204	0	ROB_ISSUE
L	204	0	k_PRELOAD D Scratchpad addr: 0x1ff0, 8176 cols, 8176 rows, C Scratchpad addr: 0xc0000010, 0 cols, 16 rows\n
I	205	274903	0
S	205	0	LOOP_MM_CMD
L	205	1	\n0x08000000 
L	205	2	\n0x08000000 
C	1
S	205	0	ROB_ISSUE
L	205	0	k_COMPUTE_PRELOADED A Scratchpad addr: 0x20, 32 cols, 32 rows, B Scratchpad addr: 0xe0007fff, 32767 cols, 32767 rows\n
I	206	274904	0
S	206	0	LOOP_MM_CMD
L	206	1	\n0x06000000 
L	206	2	\n0x06000000 
C	1
S	206	0	ROB_ISSUE
L	206	0	k_MVOUT DRAM addr: 0x80003210, Scratchpad addr: 0x80000000, 0 cols loaded, 0 rows loaded\n
I	207	274905	0
S	207	0	LOOP_MM_CMD
L	207	1	\n0x0c000000 
L	207	2	\n0x0c000000 
I	208	274905	0
S	208	0	LOOP_MM_CMD
L	208	1	\n0x0c000000 
L	208	2	\n0x0c000000 
I	209	274905	0
S	209	0	LOOP_MM_CMD
L	209	1	\n0x0c000000 
L	209	2	\n0x0c000000 
I	210	274905	0
S	210	0	LOOP_MM_CMD
L	210	1	\n0x0c000000 
L	210	2	\n0x0c000000 
I	211	274905	0
S	211	0	LOOP_MM_CMD
L	211	1	\n0x0c000000 
L	211	2	\n0x0c000000 
I	212	274905	0
S	212	0	LOOP_MM_CMD
L	212	1	\n0x0c000000 
L	212	2	\n0x0c000000 
I	213	274905	0
S	213	0	LOOP_MM_CMD
L	213	1	\n0x0c000000 
L	213	2	\n0x0c000000 
I	214	274905	0
S	214	0	LOOP_MM_CMD
L	214	1	\n0x0c000000 
L	214	2	\n0x0c000000 
I	215	274905	0
S	215	0	LOOP_MM_CMD
L	215	1	\n0x0c000000 
L	215	2	\n0x0c000000 
I	216	274905	0
S	216	0	LOOP_MM_CMD
L	216	1	\n0x0c000000 
L	216	2	\n0x0c000000 
I	217	274905	0
S	217	0	LOOP_MM_CMD
L	217	1	\n0x0c000000 
L	217	2	\n0x0c000000 
I	218	274905	0
S	218	0	LOOP_MM_CMD
L	218	1	\n0x0c000000 
L	218	2	\n0x0c000000 
I	219	274905	0
S	219	0	LOOP_MM_CMD
L	219	1	\n0x0c000000 
L	219	2	\n0x0c000000 
I	220	274905	0
S	220	0	LOOP_MM_CMD
L	220	1	\n0x0c000000 
L	220	2	\n0x0c000000 
I	221	274905	0
S	221	0	LOOP_MM_CMD
L	221	1	\n0x0c000000 
L	221	2	\n0x0c000000 
I	222	274905	0
S	222	0	LOOP_MM_CMD
L	222	1	\n0x0c000000 
L	222	2	\n0x0c000000 
I	223	274905	0
S	223	0	LOOP_MM_CMD
L	223	1	\n0x0c000000 
L	223	2	\n0x0c000000 
C	1
S	207	0	ROB_ISSUE
L	207	0	k_PRELOAD D Scratchpad addr: 0xe0007fff, 32767 cols, 32767 rows, C Scratchpad addr: 0xc0000030, 0 cols, 48 rows\n
S	208	0	ROB_ISSUE
L	208	0	k_PRELOAD D Scratchpad addr: 0xe0007fff, 32767 cols, 32767 rows, C Scratchpad addr: 0xc0000030, 0 cols, 48 rows\n
S	209	0	ROB_ISSUE
L	209	0	k_PRELOAD D Scratchpad addr: 0xe0007fff, 32767 cols, 32767 rows, C Scratchpad addr: 0xc0000030, 0 cols, 48 rows\n
S	210	0	ROB_ISSUE
L	210	0	k_PRELOAD D Scratchpad addr: 0xe0007fff, 32767 cols, 32767 rows, C Scratchpad addr: 0xc0000030, 0 cols, 48 rows\n
S	211	0	ROB_ISSUE
L	211	0	k_PRELOAD D Scratchpad addr: 0xe0007fff, 32767 cols, 32767 rows, C Scratchpad addr: 0xc0000030, 0 cols, 48 rows\n
S	212	0	ROB_ISSUE
L	212	0	k_PRELOAD D Scratchpad addr: 0xe0007fff, 32767 cols, 32767 rows, C Scratchpad addr: 0xc0000030, 0 cols, 48 rows\n
S	213	0	ROB_ISSUE
L	213	0	k_PRELOAD D Scratchpad addr: 0xe0007fff, 32767 cols, 32767 rows, C Scratchpad addr: 0xc0000030, 0 cols, 48 rows\n
S	214	0	ROB_ISSUE
L	214	0	k_PRELOAD D Scratchpad addr: 0xe0007fff, 32767 cols, 32767 rows, C Scratchpad addr: 0xc0000030, 0 cols, 48 rows\n
S	215	0	ROB_ISSUE
L	215	0	k_PRELOAD D Scratchpad addr: 0xe0007fff, 32767 cols, 32767 rows, C Scratchpad addr: 0xc0000030, 0 cols, 48 rows\n
S	216	0	ROB_ISSUE
L	216	0	k_PRELOAD D Scratchpad addr: 0xe0007fff, 32767 cols, 32767 rows, C Scratchpad addr: 0xc0000030, 0 cols, 48 rows\n
S	217	0	ROB_ISSUE
L	217	0	k_PRELOAD D Scratchpad addr: 0xe0007fff, 32767 cols, 32767 rows, C Scratchpad addr: 0xc0000030, 0 cols, 48 rows\n
S	218	0	ROB_ISSUE
L	218	0	k_PRELOAD D Scratchpad addr: 0xe0007fff, 32767 cols, 32767 rows, C Scratchpad addr: 0xc0000030, 0 cols, 48 rows\n
S	219	0	ROB_ISSUE
L	219	0	k_PRELOAD D Scratchpad addr: 0xe0007fff, 32767 cols, 32767 rows, C Scratchpad addr: 0xc0000030, 0 cols, 48 rows\n
S	220	0	ROB_ISSUE
L	220	0	k_PRELOAD D Scratchpad addr: 0xe0007fff, 32767 cols, 32767 rows, C Scratchpad addr: 0xc0000030, 0 cols, 48 rows\n
S	221	0	ROB_ISSUE
L	221	0	k_PRELOAD D Scratchpad addr: 0xe0007fff, 32767 cols, 32767 rows, C Scratchpad addr: 0xc0000030, 0 cols, 48 rows\n
S	222	0	ROB_ISSUE
L	222	0	k_PRELOAD D Scratchpad addr: 0xe0007fff, 32767 cols, 32767 rows, C Scratchpad addr: 0xc0000030, 0 cols, 48 rows\n
S	223	0	ROB_ISSUE
L	223	0	k_PRELOAD D Scratchpad addr: 0xe0007fff, 32767 cols, 32767 rows, C Scratchpad addr: 0xc0000030, 0 cols, 48 rows\n
I	224	274906	0
S	224	0	LOOP_MM_CMD
L	224	1	\n0x0a000000 
L	224	2	\n0x0a000000 
C	1
S	224	0	ROB_ISSUE
L	224	0	k_COMPUTE_ACCUMULATE A Scratchpad addr: 0x30, 48 cols, 48 rows, B Scratchpad addr: 0xe0007fff, 32767 cols, 32767 rows\n
I	225	274907	0
S	225	0	LOOP_MM_CMD
L	225	1	\n0x06000000 
L	225	2	\n0x06000000 
C	1
S	225	0	ROB_ISSUE
L	225	0	k_MVOUT DRAM addr: 0x80003320, Scratchpad addr: 0x80000020, 32 cols loaded, 32 rows loaded\n
C	76
S	12	0	LD_RET
L	12	1	\n0x0 
L	12	2	\n0x0 
C	1
R	12	12	0
S	14	0	EX_ISSUE
L	14	1	\n0x0c000000 
L	14	2	\n0x0c000000 
S	15	0	EX_ISSUE
L	15	1	\n0x0c000000 
L	15	2	\n0x0c000000 
S	16	0	EX_ISSUE
L	16	1	\n0x0c000000 
L	16	2	\n0x0c000000 
S	17	0	EX_ISSUE
L	17	1	\n0x0c000000 
L	17	2	\n0x0c000000 
S	18	0	EX_ISSUE
L	18	1	\n0x0c000000 
L	18	2	\n0x0c000000 
S	19	0	EX_ISSUE
L	19	1	\n0x0c000000 
L	19	2	\n0x0c000000 
S	20	0	EX_ISSUE
L	20	1	\n0x0c000000 
L	20	2	\n0x0c000000 
S	21	0	EX_ISSUE
L	21	1	\n0x0c000000 
L	21	2	\n0x0c000000 
S	22	0	EX_ISSUE
L	22	1	\n0x0c000000 
L	22	2	\n0x0c000000 
S	23	0	EX_ISSUE
L	23	1	\n0x0c000000 
L	23	2	\n0x0c000000 
S	24	0	EX_ISSUE
L	24	1	\n0x0c000000 
L	24	2	\n0x0c000000 
S	25	0	EX_ISSUE
L	25	1	\n0x0c000000 
L	25	2	\n0x0c000000 
S	26	0	EX_ISSUE
L	26	1	\n0x0c000000 
L	26	2	\n0x0c000000 
S	27	0	EX_ISSUE
L	27	1	\n0x0c000000 
L	27	2	\n0x0c000000 
S	28	0	EX_ISSUE
L	28	1	\n0x0c000000 
L	28	2	\n0x0c000000 
S	29	0	EX_ISSUE
L	29	1	\n0x0c000000 
L	29	2	\n0x0c000000 
S	30	0	EX_ISSUE
L	30	1	\n0x0c000000 
L	30	2	\n0x0c000000 
S	31	0	EX_ISSUE
L	31	1	\n0x0c000000 
L	31	2	\n0x0c000000 
S	32	0	EX_ISSUE
L	32	1	\n0x0c000000 
L	32	2	\n0x0c000000 
S	33	0	EX_ISSUE
L	33	1	\n0x0c000000 
L	33	2	\n0x0c000000 
S	34	0	EX_ISSUE
L	34	1	\n0x0c000000 
L	34	2	\n0x0c000000 
S	35	0	EX_ISSUE
L	35	1	\n0x0c000000 
L	35	2	\n0x0c000000 
S	36	0	EX_ISSUE
L	36	1	\n0x0c000000 
L	36	2	\n0x0c000000 
S	37	0	EX_ISSUE
L	37	1	\n0x0c000000 
L	37	2	\n0x0c000000 
S	38	0	EX_ISSUE
L	38	1	\n0x0c000000 
L	38	2	\n0x0c000000 
S	39	0	EX_ISSUE
L	39	1	\n0x0c000000 
L	39	2	\n0x0c000000 
S	40	0	EX_ISSUE
L	40	1	\n0x0c000000 
L	40	2	\n0x0c000000 
S	41	0	EX_ISSUE
L	41	1	\n0x0c000000 
L	41	2	\n0x0c000000 
S	42	0	EX_ISSUE
L	42	1	\n0x0c000000 
L	42	2	\n0x0c000000 
S	43	0	EX_ISSUE
L	43	1	\n0x0c000000 
L	43	2	\n0x0c000000 
S	44	0	EX_ISSUE
L	44	1	\n0x0c000000 
L	44	2	\n0x0c000000 
S	45	0	EX_ISSUE
L	45	1	\n0x0c000000 
L	45	2	\n0x0c000000 
S	46	0	EX_ISSUE
L	46	1	\n0x0c000000 
L	46	2	\n0x0c000000 
C	34
S	118	0	LD_RET
L	118	1	\n0x0 
L	118	2	\n0x0 
C	1
S	13	0	LD_RET
L	13	1	\n0x0 
L	13	2	\n0x0 
R	118	118	0
C	1
R	13	13	0
S	47	0	EX_ISSUE
L	47	1	\n0x08000000 
L	47	2	\n0x08000000 
C	1
S	48	0	EX_ISSUE
L	48	1	\n0x0c000000 
L	48	2	\n0x0c000000 
S	49	0	EX_ISSUE
L	49	1	\n0x0c000000 
L	49	2	\n0x0c000000 
S	50	0	EX_ISSUE
L	50	1	\n0x0c000000 
L	50	2	\n0x0c000000 
S	51	0	EX_ISSUE
L	51	1	\n0x0c000000 
L	51	2	\n0x0c000000 
S	52	0	EX_ISSUE
L	52	1	\n0x0c000000 
L	52	2	\n0x0c000000 
S	53	0	EX_ISSUE
L	53	1	\n0x0c000000 
L	53	2	\n0x0c000000 
S	54	0	EX_ISSUE
L	54	1	\n0x0c000000 
L	54	2	\n0x0c000000 
S	55	0	EX_ISSUE
L	55	1	\n0x0c000000 
L	55	2	\n0x0c000000 
S	56	0	EX_ISSUE
L	56	1	\n0x0c000000 
L	56	2	\n0x0c000000 
S	57	0	EX_ISSUE
L	57	1	\n0x0c000000 
L	57	2	\n0x0c000000 
S	58	0	EX_ISSUE
L	58	1	\n0x0c000000 
L	58	2	\n0x0c000000 
S	59	0	EX_ISSUE
L	59	1	\n0x0c000000 
L	59	2	\n0x0c000000 
S	60	0	EX_ISSUE
L	60	1	\n0x0c000000 
L	60	2	\n0x0c000000 
S	61	0	EX_ISSUE
L	61	1	\n0x0c000000 
L	61	2	\n0x0c000000 
S	62	0	EX_ISSUE
L	62	1	\n0x0c000000 
L	62	2	\n0x0c000000 
S	63	0	EX_ISSUE
L	63	1	\n0x0c000000 
L	63	2	\n0x0c000000 
S	64	0	EX_ISSUE
L	64	1	\n0x0c000000 
L	64	2	\n0x0c000000 
C	1
S	14	0	SP_RD_A0
L	14	1	\n0x000 
L	14	2	\n0x000 
S	15	0	SP_RD_D1
L	15	1	\n0xfcf 
L	15	2	\n0xfcf 
S	65	0	EX_ISSUE
L	65	1	\n0x0a000000 
L	65	2	\n0x0a000000 
C	1
S	16	0	SP_RD_A0
L	16	1	\n0x001 
L	16	2	\n0x001 
S	17	0	SP_RD_D1
L	17	1	\n0xfce 
L	17	2	\n0xfce 
S	66	0	EX_ISSUE
L	66	1	\n0x0c000000 
L	66	2	\n0x0c000000 
S	67	0	EX_ISSUE
L	67	1	\n0x0c000000 
L	67	2	\n0x0c000000 
S	68	0	EX_ISSUE
L	68	1	\n0x0c000000 
L	68	2	\n0x0c000000 
S	69	0	EX_ISSUE
L	69	1	\n0x0c000000 
L	69	2	\n0x0c000000 
S	70	0	EX_ISSUE
L	70	1	\n0x0c000000 
L	70	2	\n0x0c000000 
S	71	0	EX_ISSUE
L	71	1	\n0x0c000000 
L	71	2	\n0x0c000000 
S	72	0	EX_ISSUE
L	72	1	\n0x0c000000 
L	72	2	\n0x0c000000 
S	73	0	EX_ISSUE
L	73	1	\n0x0c000000 
L	73	2	\n0x0c000000 
S	74	0	EX_ISSUE
L	74	1	\n0x0c000000 
L	74	2	\n0x0c000000 
S	75	0	EX_ISSUE
L	75	1	\n0x0c000000 
L	75	2	\n0x0c000000 
S	76	0	EX_ISSUE
L	76	1	\n0x0c000000 
L	76	2	\n0x0c000000 
S	77	0	EX_ISSUE
L	77	1	\n0x0c000000 
L	77	2	\n0x0c000000 
S	78	0	EX_ISSUE
L	78	1	\n0x0c000000 
L	78	2	\n0x0c000000 
S	79	0	EX_ISSUE
L	79	1	\n0x0c000000 
L	79	2	\n0x0c000000 
S	80	0	EX_ISSUE
L	80	1	\n0x0c000000 
L	80	2	\n0x0c000000 
S	81	0	EX_ISSUE
L	81	1	\n0x0c000000 
L	81	2	\n0x0c000000 
S	82	0	EX_ISSUE
L	82	1	\n0x0c000000 
L	82	2	\n0x0c000000 
S	83	0	EX_ISSUE
L	83	1	\n0x0c000000 
L	83	2	\n0x0c000000 
S	84	0	EX_ISSUE
L	84	1	\n0x0c000000 
L	84	2	\n0x0c000000 
S	85	0	EX_ISSUE
L	85	1	\n0x0c000000 
L	85	2	\n0x0c000000 
S	86	0	EX_ISSUE
L	86	1	\n0x0c000000 
L	86	2	\n0x0c000000 
S	87	0	EX_ISSUE
L	87	1	\n0x0c000000 
L	87	2	\n0x0c000000 
S	88	0	EX_ISSUE
L	88	1	\n0x0c000000 
L	88	2	\n0x0c000000 
S	89	0	EX_ISSUE
L	89	1	\n0x0c000000 
L	89	2	\n0x0c000000 
S	90	0	EX_ISSUE
L	90	1	\n0x0c000000 
L	90	2	\n0x0c000000 
S	91	0	EX_ISSUE
L	91	1	\n0x0c000000 
L	91	2	\n0x0c000000 
S	92	0	EX_ISSUE
L	92	1	\n0x0c000000 
L	92	2	\n0x0c000000 
S	93	0	EX_ISSUE
L	93	1	\n0x0c000000 
L	93	2	\n0x0c000000 
S	94	0	EX_ISSUE
L	94	1	\n0x0c000000 
L	94	2	\n0x0c000000 
S	95	0	EX_ISSUE
L	95	1	\n0x0c000000 
L	95	2	\n0x0c000000 
S	96	0	EX_ISSUE
L	96	1	\n0x0c000000 
L	96	2	\n0x0c000000 
S	97	0	EX_ISSUE
L	97	1	\n0x0c000000 
L	97	2	\n0x0c000000 
S	98	0	EX_ISSUE
L	98	1	\n0x0c000000 
L	98	2	\n0x0c000000 
C	1
S	18	0	SP_RD_A0
L	18	1	\n0x002 
L	18	2	\n0x002 
S	19	0	SP_RD_D1
L	19	1	\n0xfcd 
L	19	2	\n0xfcd 
S	99	0	EX_ISSUE
L	99	1	\n0x08000000 
L	99	2	\n0x08000000 
C	1
S	20	0	SP_RD_A0
L	20	1	\n0x003 
L	20	2	\n0x003 
S	21	0	SP_RD_D1
L	21	1	\n0xfcc 
L	21	2	\n0xfcc 
S	100	0	EX_ISSUE
L	100	1	\n0x0c000000 
L	100	2	\n0x0c000000 
S	101	0	EX_ISSUE
L	101	1	\n0x0c000000 
L	101	2	\n0x0c000000 
S	102	0	EX_ISSUE
L	102	1	\n0x0c000000 
L	102	2	\n0x0c000000 
S	103	0	EX_ISSUE
L	103	1	\n0x0c000000 
L	103	2	\n0x0c000000 
S	104	0	EX_ISSUE
L	104	1	\n0x0c000000 
L	104	2	\n0x0c000000 
S	105	0	EX_ISSUE
L	105	1	\n0x0c000000 
L	105	2	\n0x0c000000 
S	106	0	EX_ISSUE
L	106	1	\n0x0c000000 
L	106	2	\n0x0c000000 
S	107	0	EX_ISSUE
L	107	1	\n0x0c000000 
L	107	2	\n0x0c000000 
S	108	0	EX_ISSUE
L	108	1	\n0x0c000000 
L	108	2	\n0x0c000000 
S	109	0	EX_ISSUE
L	109	1	\n0x0c000000 
L	109	2	\n0x0c000000 
S	110	0	EX_ISSUE
L	110	1	\n0x0c000000 
L	110	2	\n0x0c000000 
S	111	0	EX_ISSUE
L	111	1	\n0x0c000000 
L	111	2	\n0x0c000000 
S	112	0	EX_ISSUE
L	112	1	\n0x0c000000 
L	112	2	\n0x0c000000 
S	113	0	EX_ISSUE
L	113	1	\n0x0c000000 
L	113	2	\n0x0c000000 
S	114	0	EX_ISSUE
L	114	1	\n0x0c000000 
L	114	2	\n0x0c000000 
S	115	0	EX_ISSUE
L	115	1	\n0x0c000000 
L	115	2	\n0x0c000000 
S	116	0	EX_ISSUE
L	116	1	\n0x0c000000 
L	116	2	\n0x0c000000 
C	1
S	22	0	SP_RD_A0
L	22	1	\n0x004 
L	22	2	\n0x004 
S	23	0	SP_RD_D1
L	23	1	\n0xfcb 
L	23	2	\n0xfcb 
S	117	0	EX_ISSUE
L	117	1	\n0x0a000000 
L	117	2	\n0x0a000000 
C	1
S	14	0	A_SP->MESH
L	14	1	\n0x0 
L	14	2	\n0x0 
S	15	0	D_SP->MESH
L	15	1	\n0x1 
L	15	2	\n0x1 
S	24	0	SP_RD_A0
L	24	1	\n0x005 
L	24	2	\n0x005 
S	24	0	MESH_FIRE
L	24	1	\n0x14200000002108140 
L	24	2	\n0x14200000002108140 
S	25	0	MESH_FIRE
L	25	1	\n0x14200000002108140 
L	25	2	\n0x14200000002108140 
S	25	0	SP_RD_D1
L	25	1	\n0xfca 
L	25	2	\n0xfca 
S	26	0	MESH_FIRE
L	26	1	\n0x14200000002108140 
L	26	2	\n0x14200000002108140 
S	27	0	MESH_FIRE
L	27	1	\n0x14200000002108140 
L	27	2	\n0x14200000002108140 
S	28	0	MESH_FIRE
L	28	1	\n0x14200000002108140 
L	28	2	\n0x14200000002108140 
S	29	0	MESH_FIRE
L	29	1	\n0x14200000002108140 
L	29	2	\n0x14200000002108140 
S	30	0	MESH_FIRE
L	30	1	\n0x14200000002108140 
L	30	2	\n0x14200000002108140 
S	31	0	MESH_FIRE
L	31	1	\n0x14200000002108140 
L	31	2	\n0x14200000002108140 
S	32	0	MESH_FIRE
L	32	1	\n0x14200000002108140 
L	32	2	\n0x14200000002108140 
S	33	0	MESH_FIRE
L	33	1	\n0x14200000002108140 
L	33	2	\n0x14200000002108140 
S	34	0	MESH_FIRE
L	34	1	\n0x14200000002108140 
L	34	2	\n0x14200000002108140 
S	35	0	MESH_FIRE
L	35	1	\n0x14200000002108140 
L	35	2	\n0x14200000002108140 
S	36	0	MESH_FIRE
L	36	1	\n0x14200000002108140 
L	36	2	\n0x14200000002108140 
S	37	0	MESH_FIRE
L	37	1	\n0x14200000002108140 
L	37	2	\n0x14200000002108140 
S	38	0	MESH_FIRE
L	38	1	\n0x14200000002108140 
L	38	2	\n0x14200000002108140 
S	39	0	MESH_FIRE
L	39	1	\n0x14200000002108140 
L	39	2	\n0x14200000002108140 
S	40	0	MESH_FIRE
L	40	1	\n0x14200000002108140 
L	40	2	\n0x14200000002108140 
S	41	0	MESH_FIRE
L	41	1	\n0x14200000002108140 
L	41	2	\n0x14200000002108140 
S	42	0	MESH_FIRE
L	42	1	\n0x14200000002108140 
L	42	2	\n0x14200000002108140 
S	43	0	MESH_FIRE
L	43	1	\n0x14200000002108140 
L	43	2	\n0x14200000002108140 
S	44	0	MESH_FIRE
L	44	1	\n0x14200000002108140 
L	44	2	\n0x14200000002108140 
S	45	0	MESH_FIRE
L	45	1	\n0x14200000002108140 
L	45	2	\n0x14200000002108140 
S	46	0	MESH_FIRE
L	46	1	\n0x14200000002108140 
L	46	2	\n0x14200000002108140 
C	1
R	14	14	0
R	15	15	0
S	16	0	A_SP->MESH
L	16	1	\n0x0 
L	16	2	\n0x0 
S	17	0	D_SP->MESH
L	17	1	\n0x1 
L	17	2	\n0x1 
S	26	0	SP_RD_A0
L	26	1	\n0x006 
L	26	2	\n0x006 
S	27	0	SP_RD_D1
L	27	1	\n0xfc9 
L	27	2	\n0xfc9 
C	1
R	16	16	0
R	17	17	0
S	18	0	A_SP->MESH
L	18	1	\n0x0 
L	18	2	\n0x0 
S	19	0	D_SP->MESH
L	19	1	\n0x1 
L	19	2	\n0x1 
S	28	0	SP_RD_A0
L	28	1	\n0x007 
L	28	2	\n0x007 
S	29	0	SP_RD_D1
L	29	1	\n0xfc8 
L	29	2	\n0xfc8 
C	1
R	18	18	0
R	19	19	0
S	20	0	A_SP->MESH
L	20	1	\n0x0 
L	20	2	\n0x0 
S	21	0	D_SP->MESH
L	21	1	\n0x1 
L	21	2	\n0x1 
S	30	0	SP_RD_A0
L	30	1	\n0x008 
L	30	2	\n0x008 
S	31	0	SP_RD_D1
L	31	1	\n0xfc7 
L	31	2	\n0xfc7 
C	1
R	20	20	0
R	21	21	0
S	22	0	A_SP->MESH
L	22	1	\n0x0 
L	22	2	\n0x0 
S	23	0	D_SP->MESH
L	23	1	\n0x1 
L	23	2	\n0x1 
S	32	0	SP_RD_A0
L	32	1	\n0x009 
L	32	2	\n0x009 
S	33	0	SP_RD_D1
L	33	1	\n0xfc6 
L	33	2	\n0xfc6 
C	1
R	22	22	0
R	23	23	0
S	24	0	A_SP->MESH
L	24	1	\n0x0 
L	24	2	\n0x0 
S	25	0	D_SP->MESH
L	25	1	\n0x1 
L	25	2	\n0x1 
S	34	0	SP_RD_A0
L	34	1	\n0x00a 
L	34	2	\n0x00a 
S	35	0	SP_RD_D1
L	35	1	\n0xfc5 
L	35	2	\n0xfc5 
C	1
R	24	24	0
R	25	25	0
S	26	0	A_SP->MESH
L	26	1	\n0x0 
L	26	2	\n0x0 
S	27	0	D_SP->MESH
L	27	1	\n0x1 
L	27	2	\n0x1 
S	36	0	SP_RD_A0
L	36	1	\n0x00b 
L	36	2	\n0x00b 
S	37	0	SP_RD_D1
L	37	1	\n0xfc4 
L	37	2	\n0xfc4 
C	1
R	26	26	0
R	27	27	0
S	28	0	A_SP->MESH
L	28	1	\n0x0 
L	28	2	\n0x0 
S	29	0	D_SP->MESH
L	29	1	\n0x1 
L	29	2	\n0x1 
S	38	0	SP_RD_A0
L	38	1	\n0x00c 
L	38	2	\n0x00c 
S	39	0	SP_RD_D1
L	39	1	\n0xfc3 
L	39	2	\n0xfc3 
C	1
R	28	28	0
R	29	29	0
S	30	0	A_SP->MESH
L	30	1	\n0x0 
L	30	2	\n0x0 
S	31	0	D_SP->MESH
L	31	1	\n0x1 
L	31	2	\n0x1 
S	40	0	SP_RD_A0
L	40	1	\n0x00d 
L	40	2	\n0x00d 
S	41	0	SP_RD_D1
L	41	1	\n0xfc2 
L	41	2	\n0xfc2 
C	1
R	30	30	0
R	31	31	0
S	32	0	A_SP->MESH
L	32	1	\n0x0 
L	32	2	\n0x0 
S	33	0	D_SP->MESH
L	33	1	\n0x1 
L	33	2	\n0x1 
S	42	0	SP_RD_A0
L	42	1	\n0x00e 
L	42	2	\n0x00e 
S	43	0	SP_RD_D1
L	43	1	\n0xfc1 
L	43	2	\n0xfc1 
C	1
R	32	32	0
R	33	33	0
S	34	0	A_SP->MESH
L	34	1	\n0x0 
L	34	2	\n0x0 
S	35	0	D_SP->MESH
L	35	1	\n0x1 
L	35	2	\n0x1 
S	44	0	SP_RD_A0
L	44	1	\n0x00f 
L	44	2	\n0x00f 
C	1
R	34	34	0
R	35	35	0
S	36	0	A_SP->MESH
L	36	1	\n0x0 
L	36	2	\n0x0 
S	37	0	D_SP->MESH
L	37	1	\n0x1 
L	37	2	\n0x1 
C	1
R	36	36	0
R	37	37	0
S	38	0	A_SP->MESH
L	38	1	\n0x0 
L	38	2	\n0x0 
S	39	0	D_SP->MESH
L	39	1	\n0x1 
L	39	2	\n0x1 
S	45	0	SP_RD_D1
L	45	1	\n0xfc0 
L	45	2	\n0xfc0 
C	1
R	38	38	0
R	39	39	0
S	40	0	A_SP->MESH
L	40	1	\n0x0 
L	40	2	\n0x0 
S	41	0	D_SP->MESH
L	41	1	\n0x1 
L	41	2	\n0x1 
S	48	0	SP_RD_A0
L	48	1	\n0x010 
L	48	2	\n0x010 
C	1
R	40	40	0
R	41	41	0
S	42	0	A_SP->MESH
L	42	1	\n0x0 
L	42	2	\n0x0 
S	43	0	D_SP->MESH
L	43	1	\n0x1 
L	43	2	\n0x1 
S	49	0	SP_RD_A0
L	49	1	\n0x011 
L	49	2	\n0x011 
C	1
R	42	42	0
R	43	43	0
S	44	0	A_SP->MESH
L	44	1	\n0x0 
L	44	2	\n0x0 
S	50	0	SP_RD_A0
L	50	1	\n0x012 
L	50	2	\n0x012 
C	1
R	44	44	0
S	51	0	SP_RD_A0
L	51	1	\n0x013 
L	51	2	\n0x013 
C	1
S	45	0	D_SP->MESH
L	45	1	\n0x1 
L	45	2	\n0x1 
S	52	0	SP_RD_A0
L	52	1	\n0x014 
L	52	2	\n0x014 
C	1
R	45	45	0
S	48	0	A_SP->MESH
L	48	1	\n0x0 
L	48	2	\n0x0 
S	53	0	SP_RD_A0
L	53	1	\n0x015 
L	53	2	\n0x015 
S	53	0	MESH_FIRE
L	53	1	\n0x14a0000008070c140 
L	53	2	\n0x14a0000008070c140 
S	54	0	MESH_FIRE
L	54	1	\n0x14a0000008070c140 
L	54	2	\n0x14a0000008070c140 
S	55	0	MESH_FIRE
L	55	1	\n0x14a0000008070c140 
L	55	2	\n0x14a0000008070c140 
S	56	0	MESH_FIRE
L	56	1	\n0x14a0000008070c140 
L	56	2	\n0x14a0000008070c140 
S	57	0	MESH_FIRE
L	57	1	\n0x14a0000008070c140 
L	57	2	\n0x14a0000008070c140 
S	58	0	MESH_FIRE
L	58	1	\n0x14a0000008070c140 
L	58	2	\n0x14a0000008070c140 
S	59	0	MESH_FIRE
L	59	1	\n0x14a0000008070c140 
L	59	2	\n0x14a0000008070c140 
S	60	0	MESH_FIRE
L	60	1	\n0x14a0000008070c140 
L	60	2	\n0x14a0000008070c140 
S	61	0	MESH_FIRE
L	61	1	\n0x14a0000008070c140 
L	61	2	\n0x14a0000008070c140 
S	62	0	MESH_FIRE
L	62	1	\n0x14a0000008070c140 
L	62	2	\n0x14a0000008070c140 
S	63	0	MESH_FIRE
L	63	1	\n0x14a0000008070c140 
L	63	2	\n0x14a0000008070c140 
S	64	0	MESH_FIRE
L	64	1	\n0x14a0000008070c140 
L	64	2	\n0x14a0000008070c140 
C	1
R	48	48	0
S	49	0	A_SP->MESH
L	49	1	\n0x0 
L	49	2	\n0x0 
S	54	0	SP_RD_A0
L	54	1	\n0x016 
L	54	2	\n0x016 
C	1
R	49	49	0
S	50	0	A_SP->MESH
L	50	1	\n0x0 
L	50	2	\n0x0 
S	55	0	SP_RD_A0
L	55	1	\n0x017 
L	55	2	\n0x017 
C	1
R	50	50	0
S	51	0	A_SP->MESH
L	51	1	\n0x0 
L	51	2	\n0x0 
S	56	0	SP_RD_A0
L	56	1	\n0x018 
L	56	2	\n0x018 
C	1
R	51	51	0
S	52	0	A_SP->MESH
L	52	1	\n0x0 
L	52	2	\n0x0 
S	57	0	SP_RD_A0
L	57	1	\n0x019 
L	57	2	\n0x019 
C	1
R	52	52	0
S	53	0	A_SP->MESH
L	53	1	\n0x0 
L	53	2	\n0x0 
S	58	0	SP_RD_A0
L	58	1	\n0x01a 
L	58	2	\n0x01a 
C	1
R	53	53	0
S	54	0	A_SP->MESH
L	54	1	\n0x0 
L	54	2	\n0x0 
S	59	0	SP_RD_A0
L	59	1	\n0x01b 
L	59	2	\n0x01b 
C	1
R	54	54	0
S	55	0	A_SP->MESH
L	55	1	\n0x0 
L	55	2	\n0x0 
S	60	0	SP_RD_A0
L	60	1	\n0x01c 
L	60	2	\n0x01c 
C	1
R	55	55	0
S	56	0	A_SP->MESH
L	56	1	\n0x0 
L	56	2	\n0x0 
S	61	0	SP_RD_A0
L	61	1	\n0x01d 
L	61	2	\n0x01d 
C	1
R	56	56	0
S	57	0	A_SP->MESH
L	57	1	\n0x0 
L	57	2	\n0x0 
S	62	0	SP_RD_A0
L	62	1	\n0x01e 
L	62	2	\n0x01e 
C	1
R	57	57	0
S	58	0	A_SP->MESH
L	58	1	\n0x0 
L	58	2	\n0x0 
S	63	0	SP_RD_A0
L	63	1	\n0x01f 
L	63	2	\n0x01f 
C	1
S	47	0	EX_RET
L	47	1	\n0x0 
L	47	2	\n0x0 
R	58	58	0
S	59	0	A_SP->MESH
L	59	1	\n0x0 
L	59	2	\n0x0 
S	66	0	SP_RD_A0
L	66	1	\n0x000 
L	66	2	\n0x000 
C	1
R	47	47	0
R	59	59	0
S	60	0	A_SP->MESH
L	60	1	\n0x0 
L	60	2	\n0x0 
S	67	0	SP_RD_D1
L	67	1	\n0xfdf 
L	67	2	\n0xfdf 
C	1
R	60	60	0
S	61	0	A_SP->MESH
L	61	1	\n0x0 
L	61	2	\n0x0 
S	68	0	SP_RD_A0
L	68	1	\n0x001 
L	68	2	\n0x001 
C	1
R	61	61	0
S	62	0	A_SP->MESH
L	62	1	\n0x0 
L	62	2	\n0x0 
C	1
R	62	62	0
S	63	0	A_SP->MESH
L	63	1	\n0x0 
L	63	2	\n0x0 
C	1
R	63	63	0
S	66	0	A_SP->MESH
L	66	1	\n0x0 
L	66	2	\n0x0 
S	69	0	MESH_FIRE
L	69	1	\n0x15200000042018140 
L	69	2	\n0x15200000042018140 
S	70	0	MESH_FIRE
L	70	1	\n0x15200000042018140 
L	70	2	\n0x15200000042018140 
S	71	0	MESH_FIRE
L	71	1	\n0x15200000042018140 
L	71	2	\n0x15200000042018140 
S	72	0	MESH_FIRE
L	72	1	\n0x15200000042018140 
L	72	2	\n0x15200000042018140 
S	73	0	MESH_FIRE
L	73	1	\n0x15200000042018140 
L	73	2	\n0x15200000042018140 
S	74	0	MESH_FIRE
L	74	1	\n0x15200000042018140 
L	74	2	\n0x15200000042018140 
S	75	0	MESH_FIRE
L	75	1	\n0x15200000042018140 
L	75	2	\n0x15200000042018140 
S	76	0	MESH_FIRE
L	76	1	\n0x15200000042018140 
L	76	2	\n0x15200000042018140 
S	77	0	MESH_FIRE
L	77	1	\n0x15200000042018140 
L	77	2	\n0x15200000042018140 
S	78	0	MESH_FIRE
L	78	1	\n0x15200000042018140 
L	78	2	\n0x15200000042018140 
S	79	0	MESH_FIRE
L	79	1	\n0x15200000042018140 
L	79	2	\n0x15200000042018140 
S	80	0	MESH_FIRE
L	80	1	\n0x15200000042018140 
L	80	2	\n0x15200000042018140 
S	81	0	MESH_FIRE
L	81	1	\n0x15200000042018140 
L	81	2	\n0x15200000042018140 
S	82	0	MESH_FIRE
L	82	1	\n0x15200000042018140 
L	82	2	\n0x15200000042018140 
S	83	0	MESH_FIRE
L	83	1	\n0x15200000042018140 
L	83	2	\n0x15200000042018140 
S	84	0	MESH_FIRE
L	84	1	\n0x15200000042018140 
L	84	2	\n0x15200000042018140 
S	85	0	MESH_FIRE
L	85	1	\n0x15200000042018140 
L	85	2	\n0x15200000042018140 
S	86	0	MESH_FIRE
L	86	1	\n0x15200000042018140 
L	86	2	\n0x15200000042018140 
S	87	0	MESH_FIRE
L	87	1	\n0x15200000042018140 
L	87	2	\n0x15200000042018140 
S	88	0	MESH_FIRE
L	88	1	\n0x15200000042018140 
L	88	2	\n0x15200000042018140 
S	89	0	MESH_FIRE
L	89	1	\n0x15200000042018140 
L	89	2	\n0x15200000042018140 
S	90	0	MESH_FIRE
L	90	1	\n0x15200000042018140 
L	90	2	\n0x15200000042018140 
S	91	0	MESH_FIRE
L	91	1	\n0x15200000042018140 
L	91	2	\n0x15200000042018140 
S	92	0	MESH_FIRE
L	92	1	\n0x15200000042018140 
L	92	2	\n0x15200000042018140 
S	93	0	MESH_FIRE
L	93	1	\n0x15200000042018140 
L	93	2	\n0x15200000042018140 
S	94	0	MESH_FIRE
L	94	1	\n0x15200000042018140 
L	94	2	\n0x15200000042018140 
S	95	0	MESH_FIRE
L	95	1	\n0x15200000042018140 
L	95	2	\n0x15200000042018140 
S	96	0	MESH_FIRE
L	96	1	\n0x15200000042018140 
L	96	2	\n0x15200000042018140 
S	97	0	MESH_FIRE
L	97	1	\n0x15200000042018140 
L	97	2	\n0x15200000042018140 
S	98	0	MESH_FIRE
L	98	1	\n0x15200000042018140 
L	98	2	\n0x15200000042018140 
C	1
R	66	66	0
S	67	0	D_SP->MESH
L	67	1	\n0x1 
L	67	2	\n0x1 
S	69	0	SP_RD_D1
L	69	1	\n0xfde 
L	69	2	\n0xfde 
C	1
R	67	67	0
S	68	0	A_SP->MESH
L	68	1	\n0x0 
L	68	2	\n0x0 
S	70	0	SP_RD_A0
L	70	1	\n0x002 
L	70	2	\n0x002 
S	71	0	SP_RD_D1
L	71	1	\n0xfdd 
L	71	2	\n0xfdd 
C	1
R	68	68	0
S	72	0	SP_RD_A0
L	72	1	\n0x003 
L	72	2	\n0x003 
C	2
S	73	0	SP_RD_D1
L	73	1	\n0xfdc 
L	73	2	\n0xfdc 
C	1
S	69	0	D_SP->MESH
L	69	1	\n0x1 
L	69	2	\n0x1 
S	74	0	SP_RD_A0
L	74	1	\n0x004 
L	74	2	\n0x004 
S	75	0	SP_RD_D1
L	75	1	\n0xfdb 
L	75	2	\n0xfdb 
C	1
R	69	69	0
S	70	0	A_SP->MESH
L	70	1	\n0x0 
L	70	2	\n0x0 
S	71	0	D_SP->MESH
L	71	1	\n0x1 
L	71	2	\n0x1 
S	76	0	SP_RD_A0
L	76	1	\n0x005 
L	76	2	\n0x005 
C	1
R	70	70	0
R	71	71	0
S	72	0	A_SP->MESH
L	72	1	\n0x0 
L	72	2	\n0x0 
C	1
R	72	72	0
S	77	0	SP_RD_D1
L	77	1	\n0xfda 
L	77	2	\n0xfda 
C	1
S	73	0	D_SP->MESH
L	73	1	\n0x1 
L	73	2	\n0x1 
S	78	0	SP_RD_A0
L	78	1	\n0x006 
L	78	2	\n0x006 
C	1
R	73	73	0
S	74	0	A_SP->MESH
L	74	1	\n0x0 
L	74	2	\n0x0 
S	75	0	D_SP->MESH
L	75	1	\n0x1 
L	75	2	\n0x1 
C	1
R	74	74	0
R	75	75	0
S	76	0	A_SP->MESH
L	76	1	\n0x0 
L	76	2	\n0x0 
S	79	0	SP_RD_D1
L	79	1	\n0xfd9 
L	79	2	\n0xfd9 
C	1
R	76	76	0
S	80	0	SP_RD_A0
L	80	1	\n0x007 
L	80	2	\n0x007 
C	1
S	77	0	D_SP->MESH
L	77	1	\n0x1 
L	77	2	\n0x1 
C	1
R	77	77	0
S	78	0	A_SP->MESH
L	78	1	\n0x0 
L	78	2	\n0x0 
S	81	0	SP_RD_D1
L	81	1	\n0xfd8 
L	81	2	\n0xfd8 
C	1
R	78	78	0
S	82	0	SP_RD_A0
L	82	1	\n0x008 
L	82	2	\n0x008 
C	1
S	46	0	ACC_WR_0
L	46	1	\n0x000 
L	46	2	\n0x000 
S	79	0	D_SP->MESH
L	79	1	\n0x1 
L	79	2	\n0x1 
C	1
S	46	0	ACC_WR_0
L	46	1	\n0x001 
L	46	2	\n0x001 
R	79	79	0
S	80	0	A_SP->MESH
L	80	1	\n0x0 
L	80	2	\n0x0 
S	83	0	SP_RD_D1
L	83	1	\n0xfd7 
L	83	2	\n0xfd7 
C	1
S	46	0	ACC_WR_0
L	46	1	\n0x002 
L	46	2	\n0x002 
R	80	80	0
S	84	0	SP_RD_A0
L	84	1	\n0x009 
L	84	2	\n0x009 
S	85	0	SP_RD_D1
L	85	1	\n0xfd6 
L	85	2	\n0xfd6 
C	1
S	46	0	ACC_WR_0
L	46	1	\n0x003 
L	46	2	\n0x003 
S	81	0	D_SP->MESH
L	81	1	\n0x1 
L	81	2	\n0x1 
S	86	0	SP_RD_A0
L	86	1	\n0x00a 
L	86	2	\n0x00a 
C	1
S	46	0	ACC_WR_0
L	46	1	\n0x004 
L	46	2	\n0x004 
R	81	81	0
S	82	0	A_SP->MESH
L	82	1	\n0x0 
L	82	2	\n0x0 
C	1
S	46	0	ACC_WR_0
L	46	1	\n0x005 
L	46	2	\n0x005 
R	82	82	0
C	1
S	46	0	ACC_WR_0
L	46	1	\n0x006 
L	46	2	\n0x006 
S	83	0	D_SP->MESH
L	83	1	\n0x1 
L	83	2	\n0x1 
C	1
S	46	0	ACC_WR_0
L	46	1	\n0x007 
L	46	2	\n0x007 
R	83	83	0
S	84	0	A_SP->MESH
L	84	1	\n0x0 
L	84	2	\n0x0 
S	85	0	D_SP->MESH
L	85	1	\n0x1 
L	85	2	\n0x1 
S	87	0	SP_RD_D1
L	87	1	\n0xfd5 
L	87	2	\n0xfd5 
C	1
S	46	0	ACC_WR_0
L	46	1	\n0x008 
L	46	2	\n0x008 
R	84	84	0
R	85	85	0
S	86	0	A_SP->MESH
L	86	1	\n0x0 
L	86	2	\n0x0 
S	88	0	SP_RD_A0
L	88	1	\n0x00b 
L	88	2	\n0x00b 
C	1
S	46	0	ACC_WR_0
L	46	1	\n0x009 
L	46	2	\n0x009 
R	86	86	0
C	1
S	46	0	ACC_WR_0
L	46	1	\n0x00a 
L	46	2	\n0x00a 
S	89	0	SP_RD_D1
L	89	1	\n0xfd4 
L	89	2	\n0xfd4 
S	119	0	LD_RET
L	119	1	\n0x0 
L	119	2	\n0x0 
C	1
S	46	0	ACC_WR_0
L	46	1	\n0x00b 
L	46	2	\n0x00b 
S	90	0	SP_RD_A0
L	90	1	\n0x00c 
L	90	2	\n0x00c 
S	91	0	SP_RD_D1
L	91	1	\n0xfd3 
L	91	2	\n0xfd3 
R	119	119	0
S	120	0	EX_ISSUE
L	120	1	\n0x0c000000 
L	120	2	\n0x0c000000 
S	121	0	EX_ISSUE
L	121	1	\n0x0c000000 
L	121	2	\n0x0c000000 
S	122	0	EX_ISSUE
L	122	1	\n0x0c000000 
L	122	2	\n0x0c000000 
S	123	0	EX_ISSUE
L	123	1	\n0x0c000000 
L	123	2	\n0x0c000000 
S	124	0	EX_ISSUE
L	124	1	\n0x0c000000 
L	124	2	\n0x0c000000 
S	125	0	EX_ISSUE
L	125	1	\n0x0c000000 
L	125	2	\n0x0c000000 
S	126	0	EX_ISSUE
L	126	1	\n0x0c000000 
L	126	2	\n0x0c000000 
S	127	0	EX_ISSUE
L	127	1	\n0x0c000000 
L	127	2	\n0x0c000000 
S	128	0	EX_ISSUE
L	128	1	\n0x0c000000 
L	128	2	\n0x0c000000 
S	129	0	EX_ISSUE
L	129	1	\n0x0c000000 
L	129	2	\n0x0c000000 
S	130	0	EX_ISSUE
L	130	1	\n0x0c000000 
L	130	2	\n0x0c000000 
S	131	0	EX_ISSUE
L	131	1	\n0x0c000000 
L	131	2	\n0x0c000000 
S	132	0	EX_ISSUE
L	132	1	\n0x0c000000 
L	132	2	\n0x0c000000 
S	133	0	EX_ISSUE
L	133	1	\n0x0c000000 
L	133	2	\n0x0c000000 
S	134	0	EX_ISSUE
L	134	1	\n0x0c000000 
L	134	2	\n0x0c000000 
S	135	0	EX_ISSUE
L	135	1	\n0x0c000000 
L	135	2	\n0x0c000000 
S	136	0	EX_ISSUE
L	136	1	\n0x0c000000 
L	136	2	\n0x0c000000 
S	137	0	EX_ISSUE
L	137	1	\n0x0c000000 
L	137	2	\n0x0c000000 
S	138	0	EX_ISSUE
L	138	1	\n0x0c000000 
L	138	2	\n0x0c000000 
S	139	0	EX_ISSUE
L	139	1	\n0x0c000000 
L	139	2	\n0x0c000000 
S	140	0	EX_ISSUE
L	140	1	\n0x0c000000 
L	140	2	\n0x0c000000 
S	141	0	EX_ISSUE
L	141	1	\n0x0c000000 
L	141	2	\n0x0c000000 
S	142	0	EX_ISSUE
L	142	1	\n0x0c000000 
L	142	2	\n0x0c000000 
S	143	0	EX_ISSUE
L	143	1	\n0x0c000000 
L	143	2	\n0x0c000000 
S	144	0	EX_ISSUE
L	144	1	\n0x0c000000 
L	144	2	\n0x0c000000 
S	145	0	EX_ISSUE
L	145	1	\n0x0c000000 
L	145	2	\n0x0c000000 
S	146	0	EX_ISSUE
L	146	1	\n0x0c000000 
L	146	2	\n0x0c000000 
S	147	0	EX_ISSUE
L	147	1	\n0x0c000000 
L	147	2	\n0x0c000000 
S	148	0	EX_ISSUE
L	148	1	\n0x0c000000 
L	148	2	\n0x0c000000 
S	149	0	EX_ISSUE
L	149	1	\n0x0c000000 
L	149	2	\n0x0c000000 
S	150	0	EX_ISSUE
L	150	1	\n0x0c000000 
L	150	2	\n0x0c000000 
S	151	0	EX_ISSUE
L	151	1	\n0x0c000000 
L	151	2	\n0x0c000000 
S	152	0	EX_ISSUE
L	152	1	\n0x0c000000 
L	152	2	\n0x0c000000 
C	1
S	46	0	ACC_WR_0
L	46	1	\n0x00c 
L	46	2	\n0x00c 
S	87	0	D_SP->MESH
L	87	1	\n0x1 
L	87	2	\n0x1 
S	92	0	SP_RD_A0
L	92	1	\n0x00d 
L	92	2	\n0x00d 
S	93	0	SP_RD_D1
L	93	1	\n0xfd2 
L	93	2	\n0xfd2 
S	153	0	EX_ISSUE
L	153	1	\n0x08000000 
L	153	2	\n0x08000000 
C	1
S	46	0	ACC_WR_0
L	46	1	\n0x00d 
L	46	2	\n0x00d 
R	87	87	0
S	88	0	A_SP->MESH
L	88	1	\n0x0 
L	88	2	\n0x0 
S	94	0	SP_RD_A0
L	94	1	\n0x00e 
L	94	2	\n0x00e 
S	95	0	SP_RD_D1
L	95	1	\n0xfd1 
L	95	2	\n0xfd1 
S	154	0	EX_ISSUE
L	154	1	\n0x0c000000 
L	154	2	\n0x0c000000 
S	155	0	EX_ISSUE
L	155	1	\n0x0c000000 
L	155	2	\n0x0c000000 
S	156	0	EX_ISSUE
L	156	1	\n0x0c000000 
L	156	2	\n0x0c000000 
S	157	0	EX_ISSUE
L	157	1	\n0x0c000000 
L	157	2	\n0x0c000000 
S	158	0	EX_ISSUE
L	158	1	\n0x0c000000 
L	158	2	\n0x0c000000 
S	159	0	EX_ISSUE
L	159	1	\n0x0c000000 
L	159	2	\n0x0c000000 
S	160	0	EX_ISSUE
L	160	1	\n0x0c000000 
L	160	2	\n0x0c000000 
S	161	0	EX_ISSUE
L	161	1	\n0x0c000000 
L	161	2	\n0x0c000000 
S	162	0	EX_ISSUE
L	162	1	\n0x0c000000 
L	162	2	\n0x0c000000 
S	163	0	EX_ISSUE
L	163	1	\n0x0c000000 
L	163	2	\n0x0c000000 
S	164	0	EX_ISSUE
L	164	1	\n0x0c000000 
L	164	2	\n0x0c000000 
S	165	0	EX_ISSUE
L	165	1	\n0x0c000000 
L	165	2	\n0x0c000000 
S	166	0	EX_ISSUE
L	166	1	\n0x0c000000 
L	166	2	\n0x0c000000 
S	167	0	EX_ISSUE
L	167	1	\n0x0c000000 
L	167	2	\n0x0c000000 
S	168	0	EX_ISSUE
L	168	1	\n0x0c000000 
L	168	2	\n0x0c000000 
S	169	0	EX_ISSUE
L	169	1	\n0x0c000000 
L	169	2	\n0x0c000000 
S	170	0	EX_ISSUE
L	170	1	\n0x0c000000 
L	170	2	\n0x0c000000 
C	1
S	46	0	ACC_WR_0
L	46	1	\n0x00e 
L	46	2	\n0x00e 
R	88	88	0
S	96	0	SP_RD_A0
L	96	1	\n0x00f 
L	96	2	\n0x00f 
S	97	0	SP_RD_D1
L	97	1	\n0xfd0 
L	97	2	\n0xfd0 
S	171	0	EX_ISSUE
L	171	1	\n0x0a000000 
L	171	2	\n0x0a000000 
C	1
S	46	0	EX_RET
L	46	1	\n0x0 
L	46	2	\n0x0 
S	46	0	ACC_WR_0
L	46	1	\n0x00f 
L	46	2	\n0x00f 
S	89	0	D_SP->MESH
L	89	1	\n0x1 
L	89	2	\n0x1 
S	100	0	SP_RD_A0
L	100	1	\n0x010 
L	100	2	\n0x010 
S	172	0	EX_ISSUE
L	172	1	\n0x0c000000 
L	172	2	\n0x0c000000 
S	173	0	EX_ISSUE
L	173	1	\n0x0c000000 
L	173	2	\n0x0c000000 
S	174	0	EX_ISSUE
L	174	1	\n0x0c000000 
L	174	2	\n0x0c000000 
S	175	0	EX_ISSUE
L	175	1	\n0x0c000000 
L	175	2	\n0x0c000000 
S	176	0	EX_ISSUE
L	176	1	\n0x0c000000 
L	176	2	\n0x0c000000 
S	177	0	EX_ISSUE
L	177	1	\n0x0c000000 
L	177	2	\n0x0c000000 
S	178	0	EX_ISSUE
L	178	1	\n0x0c000000 
L	178	2	\n0x0c000000 
S	179	0	EX_ISSUE
L	179	1	\n0x0c000000 
L	179	2	\n0x0c000000 
S	180	0	EX_ISSUE
L	180	1	\n0x0c000000 
L	180	2	\n0x0c000000 
S	181	0	EX_ISSUE
L	181	1	\n0x0c000000 
L	181	2	\n0x0c000000 
S	182	0	EX_ISSUE
L	182	1	\n0x0c000000 
L	182	2	\n0x0c000000 
S	183	0	EX_ISSUE
L	183	1	\n0x0c000000 
L	183	2	\n0x0c000000 
S	184	0	EX_ISSUE
L	184	1	\n0x0c000000 
L	184	2	\n0x0c000000 
S	185	0	EX_ISSUE
L	185	1	\n0x0c000000 
L	185	2	\n0x0c000000 
S	186	0	EX_ISSUE
L	186	1	\n0x0c000000 
L	186	2	\n0x0c000000 
S	187	0	EX_ISSUE
L	187	1	\n0x0c000000 
L	187	2	\n0x0c000000 
S	188	0	EX_ISSUE
L	188	1	\n0x0c000000 
L	188	2	\n0x0c000000 
S	189	0	EX_ISSUE
L	189	1	\n0x0c000000 
L	189	2	\n0x0c000000 
S	190	0	EX_ISSUE
L	190	1	\n0x0c000000 
L	190	2	\n0x0c000000 
S	191	0	EX_ISSUE
L	191	1	\n0x0c000000 
L	191	2	\n0x0c000000 
S	192	0	EX_ISSUE
L	192	1	\n0x0c000000 
L	192	2	\n0x0c000000 
S	193	0	EX_ISSUE
L	193	1	\n0x0c000000 
L	193	2	\n0x0c000000 
S	194	0	EX_ISSUE
L	194	1	\n0x0c000000 
L	194	2	\n0x0c000000 
S	195	0	EX_ISSUE
L	195	1	\n0x0c000000 
L	195	2	\n0x0c000000 
S	196	0	EX_ISSUE
L	196	1	\n0x0c000000 
L	196	2	\n0x0c000000 
S	197	0	EX_ISSUE
L	197	1	\n0x0c000000 
L	197	2	\n0x0c000000 
S	198	0	EX_ISSUE
L	198	1	\n0x0c000000 
L	198	2	\n0x0c000000 
S	199	0	EX_ISSUE
L	199	1	\n0x0c000000 
L	199	2	\n0x0c000000 
S	200	0	EX_ISSUE
L	200	1	\n0x0c000000 
L	200	2	\n0x0c000000 
S	201	0	EX_ISSUE
L	201	1	\n0x0c000000 
L	201	2	\n0x0c000000 
S	202	0	EX_ISSUE
L	202	1	\n0x0c000000 
L	202	2	\n0x0c000000 
S	203	0	EX_ISSUE
L	203	1	\n0x0c000000 
L	203	2	\n0x0c000000 
S	204	0	EX_ISSUE
L	204	1	\n0x0c000000 
L	204	2	\n0x0c000000 
C	1
R	46	46	0
S	65	0	EX_RET
L	65	1	\n0x0 
L	65	2	\n0x0 
R	89	89	0
S	90	0	A_SP->MESH
L	90	1	\n0x0 
L	90	2	\n0x0 
S	91	0	D_SP->MESH
L	91	1	\n0x1 
L	91	2	\n0x1 
S	101	0	SP_RD_A0
L	101	1	\n0x011 
L	101	2	\n0x011 
S	205	0	EX_ISSUE
L	205	1	\n0x08000000 
L	205	2	\n0x08000000 
C	1
S	64	0	ACC_WR_0
L	64	1	\n0x020 
L	64	2	\n0x020 
R	65	65	0
R	90	90	0
R	91	91	0
S	92	0	A_SP->MESH
L	92	1	\n0x0 
L	92	2	\n0x0 
S	93	0	D_SP->MESH
L	93	1	\n0x1 
L	93	2	\n0x1 
S	102	0	SP_RD_A0
L	102	1	\n0x012 
L	102	2	\n0x012 
S	207	0	EX_ISSUE
L	207	1	\n0x0c000000 
L	207	2	\n0x0c000000 
S	208	0	EX_ISSUE
L	208	1	\n0x0c000000 
L	208	2	\n0x0c000000 
S	209	0	EX_ISSUE
L	209	1	\n0x0c000000 
L	209	2	\n0x0c000000 
S	210	0	EX_ISSUE
L	210	1	\n0x0c000000 
L	210	2	\n0x0c000000 
S	211	0	EX_ISSUE
L	211	1	\n0x0c000000 
L	211	2	\n0x0c000000 
S	212	0	EX_ISSUE
L	212	1	\n0x0c000000 
L	212	2	\n0x0c000000 
S	213	0	EX_ISSUE
L	213	1	\n0x0c000000 
L	213	2	\n0x0c000000 
S	214	0	EX_ISSUE
L	214	1	\n0x0c000000 
L	214	2	\n0x0c000000 
S	215	0	EX_ISSUE
L	215	1	\n0x0c000000 
L	215	2	\n0x0c000000 
S	216	0	EX_ISSUE
L	216	1	\n0x0c000000 
L	216	2	\n0x0c000000 
S	217	0	EX_ISSUE
L	217	1	\n0x0c000000 
L	217	2	\n0x0c000000 
S	218	0	EX_ISSUE
L	218	1	\n0x0c000000 
L	218	2	\n0x0c000000 
S	219	0	EX_ISSUE
L	219	1	\n0x0c000000 
L	219	2	\n0x0c000000 
S	220	0	EX_ISSUE
L	220	1	\n0x0c000000 
L	220	2	\n0x0c000000 
S	221	0	EX_ISSUE
L	221	1	\n0x0c000000 
L	221	2	\n0x0c000000 
S	222	0	EX_ISSUE
L	222	1	\n0x0c000000 
L	222	2	\n0x0c000000 
S	223	0	EX_ISSUE
L	223	1	\n0x0c000000 
L	223	2	\n0x0c000000 
C	1
R	92	92	0
R	93	93	0
S	94	0	A_SP->MESH
L	94	1	\n0x0 
L	94	2	\n0x0 
S	95	0	D_SP->MESH
L	95	1	\n0x1 
L	95	2	\n0x1 
S	103	0	SP_RD_A0
L	103	1	\n0x013 
L	103	2	\n0x013 
C	1
R	94	94	0
R	95	95	0
S	96	0	A_SP->MESH
L	96	1	\n0x0 
L	96	2	\n0x0 
S	97	0	D_SP->MESH
L	97	1	\n0x1 
L	97	2	\n0x1 
S	104	0	SP_RD_A0
L	104	1	\n0x014 
L	104	2	\n0x014 
C	1
R	96	96	0
R	97	97	0
S	100	0	A_SP->MESH
L	100	1	\n0x0 
L	100	2	\n0x0 
S	105	0	SP_RD_A0
L	105	1	\n0x015 
L	105	2	\n0x015 
S	105	0	MESH_FIRE
L	105	1	\n0x15a000000c061c140 
L	105	2	\n0x15a000000c061c140 
S	106	0	MESH_FIRE
L	106	1	\n0x15a000000c061c140 
L	106	2	\n0x15a000000c061c140 
S	107	0	MESH_FIRE
L	107	1	\n0x15a000000c061c140 
L	107	2	\n0x15a000000c061c140 
S	108	0	MESH_FIRE
L	108	1	\n0x15a000000c061c140 
L	108	2	\n0x15a000000c061c140 
S	109	0	MESH_FIRE
L	109	1	\n0x15a000000c061c140 
L	109	2	\n0x15a000000c061c140 
S	110	0	MESH_FIRE
L	110	1	\n0x15a000000c061c140 
L	110	2	\n0x15a000000c061c140 
S	111	0	MESH_FIRE
L	111	1	\n0x15a000000c061c140 
L	111	2	\n0x15a000000c061c140 
S	112	0	MESH_FIRE
L	112	1	\n0x15a000000c061c140 
L	112	2	\n0x15a000000c061c140 
S	113	0	MESH_FIRE
L	113	1	\n0x15a000000c061c140 
L	113	2	\n0x15a000000c061c140 
S	114	0	MESH_FIRE
L	114	1	\n0x15a000000c061c140 
L	114	2	\n0x15a000000c061c140 
S	115	0	MESH_FIRE
L	115	1	\n0x15a000000c061c140 
L	115	2	\n0x15a000000c061c140 
S	116	0	MESH_FIRE
L	116	1	\n0x15a000000c061c140 
L	116	2	\n0x15a000000c061c140 
C	1
R	100	100	0
S	101	0	A_SP->MESH
L	101	1	\n0x0 
L	101	2	\n0x0 
S	106	0	SP_RD_A0
L	106	1	\n0x016 
L	106	2	\n0x016 
C	1
S	64	0	ACC_WR_0
L	64	1	\n0x021 
L	64	2	\n0x021 
R	101	101	0
S	102	0	A_SP->MESH
L	102	1	\n0x0 
L	102	2	\n0x0 
S	107	0	SP_RD_A0
L	107	1	\n0x017 
L	107	2	\n0x017 
C	1
S	64	0	ACC_WR_0
L	64	1	\n0x022 
L	64	2	\n0x022 
R	102	102	0
S	103	0	A_SP->MESH
L	103	1	\n0x0 
L	103	2	\n0x0 
S	108	0	SP_RD_A0
L	108	1	\n0x018 
L	108	2	\n0x018 
C	1
R	103	103	0
S	104	0	A_SP->MESH
L	104	1	\n0x0 
L	104	2	\n0x0 
S	109	0	SP_RD_A0
L	109	1	\n0x019 
L	109	2	\n0x019 
C	1
R	104	104	0
S	105	0	A_SP->MESH
L	105	1	\n0x0 
L	105	2	\n0x0 
S	110	0	SP_RD_A0
L	110	1	\n0x01a 
L	110	2	\n0x01a 
C	1
R	105	105	0
S	106	0	A_SP->MESH
L	106	1	\n0x0 
L	106	2	\n0x0 
S	111	0	SP_RD_A0
L	111	1	\n0x01b 
L	111	2	\n0x01b 
C	1
R	106	106	0
S	107	0	A_SP->MESH
L	107	1	\n0x0 
L	107	2	\n0x0 
S	112	0	SP_RD_A0
L	112	1	\n0x01c 
L	112	2	\n0x01c 
C	1
R	107	107	0
S	108	0	A_SP->MESH
L	108	1	\n0x0 
L	108	2	\n0x0 
S	113	0	SP_RD_A0
L	113	1	\n0x01d 
L	113	2	\n0x01d 
C	1
R	108	108	0
S	109	0	A_SP->MESH
L	109	1	\n0x0 
L	109	2	\n0x0 
S	114	0	SP_RD_A0
L	114	1	\n0x01e 
L	114	2	\n0x01e 
C	1
R	109	109	0
S	110	0	A_SP->MESH
L	110	1	\n0x0 
L	110	2	\n0x0 
S	115	0	SP_RD_A0
L	115	1	\n0x01f 
L	115	2	\n0x01f 
C	1
S	99	0	EX_RET
L	99	1	\n0x0 
L	99	2	\n0x0 
R	110	110	0
S	111	0	A_SP->MESH
L	111	1	\n0x0 
L	111	2	\n0x0 
S	120	0	SP_RD_A0
L	120	1	\n0x020 
L	120	2	\n0x020 
C	1
R	99	99	0
R	111	111	0
S	112	0	A_SP->MESH
L	112	1	\n0x0 
L	112	2	\n0x0 
S	121	0	SP_RD_A0
L	121	1	\n0x021 
L	121	2	\n0x021 
S	224	0	EX_ISSUE
L	224	1	\n0x0a000000 
L	224	2	\n0x0a000000 
C	1
R	112	112	0
S	113	0	A_SP->MESH
L	113	1	\n0x0 
L	113	2	\n0x0 
C	1
R	113	113	0
S	114	0	A_SP->MESH
L	114	1	\n0x0 
L	114	2	\n0x0 
C	1
R	114	114	0
S	115	0	A_SP->MESH
L	115	1	\n0x0 
L	115	2	\n0x0 
C	1
R	115	115	0
S	120	0	A_SP->MESH
L	120	1	\n0x0 
L	120	2	\n0x0 
S	122	0	D_0_PAD
L	122	1	\n0x0 
L	122	2	\n0x0 
S	122	0	MESH_FIRE
L	122	1	\n0x16300000002108140 
L	122	2	\n0x16300000002108140 
S	123	0	MESH_FIRE
L	123	1	\n0x16300000002108140 
L	123	2	\n0x16300000002108140 
S	124	0	MESH_FIRE
L	124	1	\n0x16300000002108140 
L	124	2	\n0x16300000002108140 
S	125	0	MESH_FIRE
L	125	1	\n0x16300000002108140 
L	125	2	\n0x16300000002108140 
S	126	0	MESH_FIRE
L	126	1	\n0x16300000002108140 
L	126	2	\n0x16300000002108140 
S	127	0	MESH_FIRE
L	127	1	\n0x16300000002108140 
L	127	2	\n0x16300000002108140 
S	128	0	MESH_FIRE
L	128	1	\n0x16300000002108140 
L	128	2	\n0x16300000002108140 
S	129	0	MESH_FIRE
L	129	1	\n0x16300000002108140 
L	129	2	\n0x16300000002108140 
S	130	0	MESH_FIRE
L	130	1	\n0x16300000002108140 
L	130	2	\n0x16300000002108140 
S	131	0	MESH_FIRE
L	131	1	\n0x16300000002108140 
L	131	2	\n0x16300000002108140 
S	132	0	MESH_FIRE
L	132	1	\n0x16300000002108140 
L	132	2	\n0x16300000002108140 
S	133	0	MESH_FIRE
L	133	1	\n0x16300000002108140 
L	133	2	\n0x16300000002108140 
S	134	0	MESH_FIRE
L	134	1	\n0x16300000002108140 
L	134	2	\n0x16300000002108140 
S	135	0	MESH_FIRE
L	135	1	\n0x16300000002108140 
L	135	2	\n0x16300000002108140 
S	136	0	MESH_FIRE
L	136	1	\n0x16300000002108140 
L	136	2	\n0x16300000002108140 
S	137	0	MESH_FIRE
L	137	1	\n0x16300000002108140 
L	137	2	\n0x16300000002108140 
S	138	0	MESH_FIRE
L	138	1	\n0x16300000002108140 
L	138	2	\n0x16300000002108140 
S	139	0	MESH_FIRE
L	139	1	\n0x16300000002108140 
L	139	2	\n0x16300000002108140 
S	140	0	MESH_FIRE
L	140	1	\n0x16300000002108140 
L	140	2	\n0x16300000002108140 
S	141	0	MESH_FIRE
L	141	1	\n0x16300000002108140 
L	141	2	\n0x16300000002108140 
S	142	0	MESH_FIRE
L	142	1	\n0x16300000002108140 
L	142	2	\n0x16300000002108140 
S	143	0	MESH_FIRE
L	143	1	\n0x16300000002108140 
L	143	2	\n0x16300000002108140 
S	144	0	MESH_FIRE
L	144	1	\n0x16300000002108140 
L	144	2	\n0x16300000002108140 
S	145	0	MESH_FIRE
L	145	1	\n0x16300000002108140 
L	145	2	\n0x16300000002108140 
S	146	0	MESH_FIRE
L	146	1	\n0x16300000002108140 
L	146	2	\n0x16300000002108140 
S	147	0	MESH_FIRE
L	147	1	\n0x16300000002108140 
L	147	2	\n0x16300000002108140 
S	148	0	MESH_FIRE
L	148	1	\n0x16300000002108140 
L	148	2	\n0x16300000002108140 
S	149	0	MESH_FIRE
L	149	1	\n0x16300000002108140 
L	149	2	\n0x16300000002108140 
S	150	0	MESH_FIRE
L	150	1	\n0x16300000002108140 
L	150	2	\n0x16300000002108140 
S	151	0	MESH_FIRE
L	151	1	\n0x16300000002108140 
L	151	2	\n0x16300000002108140 
S	152	0	MESH_FIRE
L	152	1	\n0x16300000002108140 
L	152	2	\n0x16300000002108140 
C	1
R	120	120	0
S	121	0	A_SP->MESH
L	121	1	\n0x0 
L	121	2	\n0x0 
R	122	122	0
S	123	0	D_0_PAD
L	123	1	\n0x0 
L	123	2	\n0x0 
C	1
R	121	121	0
R	123	123	0
S	124	0	A_0_PAD
L	124	1	\n0x0 
L	124	2	\n0x0 
S	125	0	D_0_PAD
L	125	1	\n0x0 
L	125	2	\n0x0 
C	1
R	124	124	0
R	125	125	0
S	126	0	A_0_PAD
L	126	1	\n0x0 
L	126	2	\n0x0 
S	127	0	D_0_PAD
L	127	1	\n0x0 
L	127	2	\n0x0 
C	1
R	126	126	0
R	127	127	0
S	128	0	A_0_PAD
L	128	1	\n0x0 
L	128	2	\n0x0 
S	129	0	D_0_PAD
L	129	1	\n0x0 
L	129	2	\n0x0 
C	1
R	128	128	0
R	129	129	0
S	130	0	A_0_PAD
L	130	1	\n0x0 
L	130	2	\n0x0 
S	131	0	D_0_PAD
L	131	1	\n0x0 
L	131	2	\n0x0 
C	1
R	130	130	0
R	131	131	0
S	132	0	A_0_PAD
L	132	1	\n0x0 
L	132	2	\n0x0 
S	133	0	D_0_PAD
L	133	1	\n0x0 
L	133	2	\n0x0 
C	1
R	132	132	0
R	133	133	0
S	134	0	A_0_PAD
L	134	1	\n0x0 
L	134	2	\n0x0 
S	135	0	D_0_PAD
L	135	1	\n0x0 
L	135	2	\n0x0 
C	1
R	134	134	0
R	135	135	0
S	136	0	A_0_PAD
L	136	1	\n0x0 
L	136	2	\n0x0 
S	137	0	D_0_PAD
L	137	1	\n0x0 
L	137	2	\n0x0 
C	1
R	136	136	0
R	137	137	0
S	138	0	SP_RD_D1
L	138	1	\n0xfe1 
L	138	2	\n0xfe1 
S	139	0	A_0_PAD
L	139	1	\n0x0 
L	139	2	\n0x0 
S	140	0	D_0_PAD
L	140	1	\n0x0 
L	140	2	\n0x0 
C	1
R	139	139	0
R	140	140	0
S	141	0	SP_RD_D1
L	141	1	\n0xfe0 
L	141	2	\n0xfe0 
S	142	0	A_0_PAD
L	142	1	\n0x0 
L	142	2	\n0x0 
S	143	0	D_0_PAD
L	143	1	\n0x0 
L	143	2	\n0x0 
C	1
S	117	0	EX_RET
L	117	1	\n0x0 
L	117	2	\n0x0 
R	142	142	0
R	143	143	0
S	144	0	A_0_PAD
L	144	1	\n0x0 
L	144	2	\n0x0 
S	145	0	D_0_PAD
L	145	1	\n0x0 
L	145	2	\n0x0 
S	154	0	SP_RD_A0
L	154	1	\n0x030 
L	154	2	\n0x030 
C	1
R	117	117	0
R	144	144	0
R	145	145	0
S	146	0	A_0_PAD
L	146	1	\n0x0 
L	146	2	\n0x0 
S	147	0	D_0_PAD
L	147	1	\n0x0 
L	147	2	\n0x0 
S	155	0	SP_RD_A0
L	155	1	\n0x031 
L	155	2	\n0x031 
C	1
R	146	146	0
R	147	147	0
S	148	0	A_0_PAD
L	148	1	\n0x0 
L	148	2	\n0x0 
S	149	0	D_0_PAD
L	149	1	\n0x0 
L	149	2	\n0x0 
C	1
S	138	0	D_SP->MESH
L	138	1	\n0x1 
L	138	2	\n0x1 
R	148	148	0
R	149	149	0
S	150	0	A_0_PAD
L	150	1	\n0x0 
L	150	2	\n0x0 
C	1
R	138	138	0
S	141	0	D_SP->MESH
L	141	1	\n0x1 
L	141	2	\n0x1 
R	150	150	0
S	151	0	A_0_PAD
L	151	1	\n0x0 
L	151	2	\n0x0 
C	1
S	64	0	EX_RET
L	64	1	\n0x0 
L	64	2	\n0x0 
R	141	141	0
R	151	151	0
S	154	0	A_SP->MESH
L	154	1	\n0x0 
L	154	2	\n0x0 
S	156	0	MESH_FIRE
L	156	1	\n0x16b0000008070c140 
L	156	2	\n0x16b0000008070c140 
S	157	0	MESH_FIRE
L	157	1	\n0x16b0000008070c140 
L	157	2	\n0x16b0000008070c140 
S	158	0	MESH_FIRE
L	158	1	\n0x16b0000008070c140 
L	158	2	\n0x16b0000008070c140 
S	159	0	MESH_FIRE
L	159	1	\n0x16b0000008070c140 
L	159	2	\n0x16b0000008070c140 
S	160	0	MESH_FIRE
L	160	1	\n0x16b0000008070c140 
L	160	2	\n0x16b0000008070c140 
S	161	0	MESH_FIRE
L	161	1	\n0x16b0000008070c140 
L	161	2	\n0x16b0000008070c140 
S	162	0	MESH_FIRE
L	162	1	\n0x16b0000008070c140 
L	162	2	\n0x16b0000008070c140 
S	163	0	MESH_FIRE
L	163	1	\n0x16b0000008070c140 
L	163	2	\n0x16b0000008070c140 
S	164	0	MESH_FIRE
L	164	1	\n0x16b0000008070c140 
L	164	2	\n0x16b0000008070c140 
S	165	0	MESH_FIRE
L	165	1	\n0x16b0000008070c140 
L	165	2	\n0x16b0000008070c140 
S	166	0	MESH_FIRE
L	166	1	\n0x16b0000008070c140 
L	166	2	\n0x16b0000008070c140 
S	167	0	MESH_FIRE
L	167	1	\n0x16b0000008070c140 
L	167	2	\n0x16b0000008070c140 
S	168	0	MESH_FIRE
L	168	1	\n0x16b0000008070c140 
L	168	2	\n0x16b0000008070c140 
S	169	0	MESH_FIRE
L	169	1	\n0x16b0000008070c140 
L	169	2	\n0x16b0000008070c140 
S	170	0	MESH_FIRE
L	170	1	\n0x16b0000008070c140 
L	170	2	\n0x16b0000008070c140 
C	1
R	64	64	0
S	98	0	ACC_WR_0
L	98	1	\n0x010 
L	98	2	\n0x010 
R	154	154	0
S	155	0	A_SP->MESH
L	155	1	\n0x0 
L	155	2	\n0x0 
C	1
S	98	0	ACC_WR_0
L	98	1	\n0x011 
L	98	2	\n0x011 
R	155	155	0
S	156	0	A_0_PAD
L	156	1	\n0x0 
L	156	2	\n0x0 
C	1
S	98	0	ACC_WR_0
L	98	1	\n0x012 
L	98	2	\n0x012 
R	156	156	0
S	157	0	A_0_PAD
L	157	1	\n0x0 
L	157	2	\n0x0 
C	1
S	98	0	ACC_WR_0
L	98	1	\n0x013 
L	98	2	\n0x013 
R	157	157	0
S	158	0	A_0_PAD
L	158	1	\n0x0 
L	158	2	\n0x0 
C	1
S	98	0	ACC_WR_0
L	98	1	\n0x014 
L	98	2	\n0x014 
R	158	158	0
S	159	0	A_0_PAD
L	159	1	\n0x0 
L	159	2	\n0x0 
C	1
S	98	0	ACC_WR_0
L	98	1	\n0x015 
L	98	2	\n0x015 
R	159	159	0
S	160	0	A_0_PAD
L	160	1	\n0x0 
L	160	2	\n0x0 
C	1
S	98	0	ACC_WR_0
L	98	1	\n0x016 
L	98	2	\n0x016 
R	160	160	0
S	161	0	A_0_PAD
L	161	1	\n0x0 
L	161	2	\n0x0 
C	1
S	98	0	ACC_WR_0
L	98	1	\n0x017 
L	98	2	\n0x017 
R	161	161	0
S	162	0	A_0_PAD
L	162	1	\n0x0 
L	162	2	\n0x0 
C	1
S	98	0	ACC_WR_0
L	98	1	\n0x018 
L	98	2	\n0x018 
R	162	162	0
S	163	0	A_0_PAD
L	163	1	\n0x0 
L	163	2	\n0x0 
C	1
S	98	0	ACC_WR_0
L	98	1	\n0x019 
L	98	2	\n0x019 
R	163	163	0
S	164	0	A_0_PAD
L	164	1	\n0x0 
L	164	2	\n0x0 
C	1
S	98	0	ACC_WR_0
L	98	1	\n0x01a 
L	98	2	\n0x01a 
S	153	0	EX_RET
L	153	1	\n0x0 
L	153	2	\n0x0 
R	164	164	0
S	165	0	A_0_PAD
L	165	1	\n0x0 
L	165	2	\n0x0 
S	172	0	SP_RD_A0
L	172	1	\n0x020 
L	172	2	\n0x020 
C	1
S	98	0	ACC_WR_0
L	98	1	\n0x01b 
L	98	2	\n0x01b 
R	153	153	0
R	165	165	0
S	166	0	A_0_PAD
L	166	1	\n0x0 
L	166	2	\n0x0 
S	173	0	SP_RD_A0
L	173	1	\n0x021 
L	173	2	\n0x021 
C	1
S	98	0	ACC_WR_0
L	98	1	\n0x01c 
L	98	2	\n0x01c 
R	166	166	0
S	167	0	A_0_PAD
L	167	1	\n0x0 
L	167	2	\n0x0 
C	1
S	98	0	ACC_WR_0
L	98	1	\n0x01d 
L	98	2	\n0x01d 
R	167	167	0
S	168	0	A_0_PAD
L	168	1	\n0x0 
L	168	2	\n0x0 
C	1
S	98	0	ACC_WR_0
L	98	1	\n0x01e 
L	98	2	\n0x01e 
R	168	168	0
S	169	0	A_0_PAD
L	169	1	\n0x0 
L	169	2	\n0x0 
C	1
S	98	0	EX_RET
L	98	1	\n0x0 
L	98	2	\n0x0 
S	98	0	ACC_WR_0
L	98	1	\n0x01f 
L	98	2	\n0x01f 
R	169	169	0
S	172	0	A_SP->MESH
L	172	1	\n0x0 
L	172	2	\n0x0 
S	174	0	D_0_PAD
L	174	1	\n0x0 
L	174	2	\n0x0 
S	174	0	MESH_FIRE
L	174	1	\n0x17300000042018140 
L	174	2	\n0x17300000042018140 
S	175	0	MESH_FIRE
L	175	1	\n0x17300000042018140 
L	175	2	\n0x17300000042018140 
S	176	0	MESH_FIRE
L	176	1	\n0x17300000042018140 
L	176	2	\n0x17300000042018140 
S	177	0	MESH_FIRE
L	177	1	\n0x17300000042018140 
L	177	2	\n0x17300000042018140 
S	178	0	MESH_FIRE
L	178	1	\n0x17300000042018140 
L	178	2	\n0x17300000042018140 
S	179	0	MESH_FIRE
L	179	1	\n0x17300000042018140 
L	179	2	\n0x17300000042018140 
S	180	0	MESH_FIRE
L	180	1	\n0x17300000042018140 
L	180	2	\n0x17300000042018140 
S	181	0	MESH_FIRE
L	181	1	\n0x17300000042018140 
L	181	2	\n0x17300000042018140 
S	182	0	MESH_FIRE
L	182	1	\n0x17300000042018140 
L	182	2	\n0x17300000042018140 
S	183	0	MESH_FIRE
L	183	1	\n0x17300000042018140 
L	183	2	\n0x17300000042018140 
S	184	0	MESH_FIRE
L	184	1	\n0x17300000042018140 
L	184	2	\n0x17300000042018140 
S	185	0	MESH_FIRE
L	185	1	\n0x17300000042018140 
L	185	2	\n0x17300000042018140 
S	186	0	MESH_FIRE
L	186	1	\n0x17300000042018140 
L	186	2	\n0x17300000042018140 
S	187	0	MESH_FIRE
L	187	1	\n0x17300000042018140 
L	187	2	\n0x17300000042018140 
S	188	0	MESH_FIRE
L	188	1	\n0x17300000042018140 
L	188	2	\n0x17300000042018140 
S	189	0	MESH_FIRE
L	189	1	\n0x17300000042018140 
L	189	2	\n0x17300000042018140 
S	190	0	MESH_FIRE
L	190	1	\n0x17300000042018140 
L	190	2	\n0x17300000042018140 
S	191	0	MESH_FIRE
L	191	1	\n0x17300000042018140 
L	191	2	\n0x17300000042018140 
S	192	0	MESH_FIRE
L	192	1	\n0x17300000042018140 
L	192	2	\n0x17300000042018140 
S	193	0	MESH_FIRE
L	193	1	\n0x17300000042018140 
L	193	2	\n0x17300000042018140 
S	194	0	MESH_FIRE
L	194	1	\n0x17300000042018140 
L	194	2	\n0x17300000042018140 
S	195	0	MESH_FIRE
L	195	1	\n0x17300000042018140 
L	195	2	\n0x17300000042018140 
S	196	0	MESH_FIRE
L	196	1	\n0x17300000042018140 
L	196	2	\n0x17300000042018140 
S	197	0	MESH_FIRE
L	197	1	\n0x17300000042018140 
L	197	2	\n0x17300000042018140 
S	198	0	MESH_FIRE
L	198	1	\n0x17300000042018140 
L	198	2	\n0x17300000042018140 
S	199	0	MESH_FIRE
L	199	1	\n0x17300000042018140 
L	199	2	\n0x17300000042018140 
S	200	0	MESH_FIRE
L	200	1	\n0x17300000042018140 
L	200	2	\n0x17300000042018140 
S	201	0	MESH_FIRE
L	201	1	\n0x17300000042018140 
L	201	2	\n0x17300000042018140 
S	202	0	MESH_FIRE
L	202	1	\n0x17300000042018140 
L	202	2	\n0x17300000042018140 
S	203	0	MESH_FIRE
L	203	1	\n0x17300000042018140 
L	203	2	\n0x17300000042018140 
S	204	0	MESH_FIRE
L	204	1	\n0x17300000042018140 
L	204	2	\n0x17300000042018140 
C	1
R	98	98	0
S	116	0	ACC_WR_0
L	116	1	\n0x030 
L	116	2	\n0x030 
R	172	172	0
S	173	0	A_SP->MESH
L	173	1	\n0x0 
L	173	2	\n0x0 
R	174	174	0
S	175	0	D_0_PAD
L	175	1	\n0x0 
L	175	2	\n0x0 
C	1
S	116	0	ACC_WR_0
L	116	1	\n0x031 
L	116	2	\n0x031 
R	173	173	0
R	175	175	0
S	176	0	A_0_PAD
L	176	1	\n0x0 
L	176	2	\n0x0 
S	177	0	D_0_PAD
L	177	1	\n0x0 
L	177	2	\n0x0 
C	1
S	116	0	ACC_WR_0
L	116	1	\n0x032 
L	116	2	\n0x032 
R	176	176	0
R	177	177	0
S	178	0	A_0_PAD
L	178	1	\n0x0 
L	178	2	\n0x0 
S	179	0	D_0_PAD
L	179	1	\n0x0 
L	179	2	\n0x0 
C	1
R	178	178	0
R	179	179	0
S	180	0	A_0_PAD
L	180	1	\n0x0 
L	180	2	\n0x0 
S	181	0	D_0_PAD
L	181	1	\n0x0 
L	181	2	\n0x0 
C	1
R	180	180	0
R	181	181	0
S	182	0	A_0_PAD
L	182	1	\n0x0 
L	182	2	\n0x0 
S	183	0	D_0_PAD
L	183	1	\n0x0 
L	183	2	\n0x0 
C	1
R	182	182	0
R	183	183	0
S	184	0	A_0_PAD
L	184	1	\n0x0 
L	184	2	\n0x0 
S	185	0	D_0_PAD
L	185	1	\n0x0 
L	185	2	\n0x0 
C	1
R	184	184	0
R	185	185	0
S	186	0	A_0_PAD
L	186	1	\n0x0 
L	186	2	\n0x0 
S	187	0	D_0_PAD
L	187	1	\n0x0 
L	187	2	\n0x0 
C	1
R	186	186	0
R	187	187	0
S	188	0	A_0_PAD
L	188	1	\n0x0 
L	188	2	\n0x0 
S	189	0	D_0_PAD
L	189	1	\n0x0 
L	189	2	\n0x0 
C	1
R	188	188	0
R	189	189	0
S	190	0	SP_RD_D1
L	190	1	\n0xff1 
L	190	2	\n0xff1 
S	191	0	A_0_PAD
L	191	1	\n0x0 
L	191	2	\n0x0 
S	192	0	D_0_PAD
L	192	1	\n0x0 
L	192	2	\n0x0 
C	1
R	191	191	0
R	192	192	0
S	193	0	SP_RD_D1
L	193	1	\n0xff0 
L	193	2	\n0xff0 
S	194	0	A_0_PAD
L	194	1	\n0x0 
L	194	2	\n0x0 
S	195	0	D_0_PAD
L	195	1	\n0x0 
L	195	2	\n0x0 
C	1
S	171	0	EX_RET
L	171	1	\n0x0 
L	171	2	\n0x0 
R	194	194	0
R	195	195	0
S	196	0	A_0_PAD
L	196	1	\n0x0 
L	196	2	\n0x0 
S	197	0	D_0_PAD
L	197	1	\n0x0 
L	197	2	\n0x0 
S	207	0	SP_RD_A0
L	207	1	\n0x030 
L	207	2	\n0x030 
C	1
R	171	171	0
R	196	196	0
R	197	197	0
S	198	0	A_0_PAD
L	198	1	\n0x0 
L	198	2	\n0x0 
S	199	0	D_0_PAD
L	199	1	\n0x0 
L	199	2	\n0x0 
S	208	0	SP_RD_A0
L	208	1	\n0x031 
L	208	2	\n0x031 
C	1
R	198	198	0
R	199	199	0
S	200	0	A_0_PAD
L	200	1	\n0x0 
L	200	2	\n0x0 
S	201	0	D_0_PAD
L	201	1	\n0x0 
L	201	2	\n0x0 
C	1
S	190	0	D_SP->MESH
L	190	1	\n0x1 
L	190	2	\n0x1 
R	200	200	0
R	201	201	0
S	202	0	A_0_PAD
L	202	1	\n0x0 
L	202	2	\n0x0 
C	1
R	190	190	0
S	193	0	D_SP->MESH
L	193	1	\n0x1 
L	193	2	\n0x1 
R	202	202	0
S	203	0	A_0_PAD
L	203	1	\n0x0 
L	203	2	\n0x0 
C	1
S	116	0	EX_RET
L	116	1	\n0x0 
L	116	2	\n0x0 
R	193	193	0
R	203	203	0
S	207	0	A_SP->MESH
L	207	1	\n0x0 
L	207	2	\n0x0 
S	209	0	MESH_FIRE
L	209	1	\n0x17b000000c061c140 
L	209	2	\n0x17b000000c061c140 
S	210	0	MESH_FIRE
L	210	1	\n0x17b000000c061c140 
L	210	2	\n0x17b000000c061c140 
S	211	0	MESH_FIRE
L	211	1	\n0x17b000000c061c140 
L	211	2	\n0x17b000000c061c140 
S	212	0	MESH_FIRE
L	212	1	\n0x17b000000c061c140 
L	212	2	\n0x17b000000c061c140 
S	213	0	MESH_FIRE
L	213	1	\n0x17b000000c061c140 
L	213	2	\n0x17b000000c061c140 
S	214	0	MESH_FIRE
L	214	1	\n0x17b000000c061c140 
L	214	2	\n0x17b000000c061c140 
S	215	0	MESH_FIRE
L	215	1	\n0x17b000000c061c140 
L	215	2	\n0x17b000000c061c140 
S	216	0	MESH_FIRE
L	216	1	\n0x17b000000c061c140 
L	216	2	\n0x17b000000c061c140 
S	217	0	MESH_FIRE
L	217	1	\n0x17b000000c061c140 
L	217	2	\n0x17b000000c061c140 
S	218	0	MESH_FIRE
L	218	1	\n0x17b000000c061c140 
L	218	2	\n0x17b000000c061c140 
S	219	0	MESH_FIRE
L	219	1	\n0x17b000000c061c140 
L	219	2	\n0x17b000000c061c140 
S	220	0	MESH_FIRE
L	220	1	\n0x17b000000c061c140 
L	220	2	\n0x17b000000c061c140 
S	221	0	MESH_FIRE
L	221	1	\n0x17b000000c061c140 
L	221	2	\n0x17b000000c061c140 
S	222	0	MESH_FIRE
L	222	1	\n0x17b000000c061c140 
L	222	2	\n0x17b000000c061c140 
S	223	0	MESH_FIRE
L	223	1	\n0x17b000000c061c140 
L	223	2	\n0x17b000000c061c140 
C	1
R	116	116	0
S	152	0	ACC_WR_0
L	152	1	\n0x000 
L	152	2	\n0x000 
R	207	207	0
S	208	0	A_SP->MESH
L	208	1	\n0x0 
L	208	2	\n0x0 
C	1
S	152	0	ACC_WR_0
L	152	1	\n0x001 
L	152	2	\n0x001 
R	208	208	0
S	209	0	A_0_PAD
L	209	1	\n0x0 
L	209	2	\n0x0 
C	1
S	152	0	ACC_WR_0
L	152	1	\n0x002 
L	152	2	\n0x002 
R	209	209	0
S	210	0	A_0_PAD
L	210	1	\n0x0 
L	210	2	\n0x0 
C	1
S	152	0	ACC_WR_0
L	152	1	\n0x003 
L	152	2	\n0x003 
R	210	210	0
S	211	0	A_0_PAD
L	211	1	\n0x0 
L	211	2	\n0x0 
C	1
S	152	0	ACC_WR_0
L	152	1	\n0x004 
L	152	2	\n0x004 
R	211	211	0
S	212	0	A_0_PAD
L	212	1	\n0x0 
L	212	2	\n0x0 
C	1
S	152	0	ACC_WR_0
L	152	1	\n0x005 
L	152	2	\n0x005 
R	212	212	0
S	213	0	A_0_PAD
L	213	1	\n0x0 
L	213	2	\n0x0 
C	1
S	152	0	ACC_WR_0
L	152	1	\n0x006 
L	152	2	\n0x006 
R	213	213	0
S	214	0	A_0_PAD
L	214	1	\n0x0 
L	214	2	\n0x0 
C	1
S	152	0	ACC_WR_0
L	152	1	\n0x007 
L	152	2	\n0x007 
R	214	214	0
S	215	0	A_0_PAD
L	215	1	\n0x0 
L	215	2	\n0x0 
C	1
S	152	0	ACC_WR_0
L	152	1	\n0x008 
L	152	2	\n0x008 
R	215	215	0
S	216	0	A_0_PAD
L	216	1	\n0x0 
L	216	2	\n0x0 
C	1
S	152	0	ACC_WR_0
L	152	1	\n0x009 
L	152	2	\n0x009 
R	216	216	0
S	217	0	A_0_PAD
L	217	1	\n0x0 
L	217	2	\n0x0 
C	1
S	152	0	ACC_WR_0
L	152	1	\n0x00a 
L	152	2	\n0x00a 
S	205	0	EX_RET
L	205	1	\n0x0 
L	205	2	\n0x0 
R	217	217	0
S	218	0	A_0_PAD
L	218	1	\n0x0 
L	218	2	\n0x0 
C	1
S	152	0	ACC_WR_0
L	152	1	\n0x00b 
L	152	2	\n0x00b 
R	205	205	0
R	218	218	0
S	219	0	A_0_PAD
L	219	1	\n0x0 
L	219	2	\n0x0 
C	1
S	152	0	ACC_WR_0
L	152	1	\n0x00c 
L	152	2	\n0x00c 
R	219	219	0
S	220	0	A_0_PAD
L	220	1	\n0x0 
L	220	2	\n0x0 
C	1
S	152	0	ACC_WR_0
L	152	1	\n0x00d 
L	152	2	\n0x00d 
R	220	220	0
S	221	0	A_0_PAD
L	221	1	\n0x0 
L	221	2	\n0x0 
C	1
S	152	0	ACC_WR_0
L	152	1	\n0x00e 
L	152	2	\n0x00e 
R	221	221	0
S	222	0	A_0_PAD
L	222	1	\n0x0 
L	222	2	\n0x0 
C	1
S	152	0	EX_RET
L	152	1	\n0x0 
L	152	2	\n0x0 
S	152	0	ACC_WR_0
L	152	1	\n0x00f 
L	152	2	\n0x00f 
S	152	0	MESH_FIRE
L	152	1	\n0x0638001fffe108140 
L	152	2	\n0x0638001fffe108140 
R	222	222	0
C	1
R	152	152	0
S	170	0	ACC_WR_0
L	170	1	\n0x020 
L	170	2	\n0x020 
C	1
S	170	0	ACC_WR_0
L	170	1	\n0x021 
L	170	2	\n0x021 
C	1
S	170	0	ACC_WR_0
L	170	1	\n0x022 
L	170	2	\n0x022 
C	8
S	224	0	EX_RET
L	224	1	\n0x0 
L	224	2	\n0x0 
C	1
R	224	224	0
C	4
S	170	0	EX_RET
L	170	1	\n0x0 
L	170	2	\n0x0 
C	1
R	170	170	0
S	204	0	ACC_WR_0
L	204	1	\n0x010 
L	204	2	\n0x010 
C	1
S	204	0	ACC_WR_0
L	204	1	\n0x011 
L	204	2	\n0x011 
C	1
S	204	0	ACC_WR_0
L	204	1	\n0x012 
L	204	2	\n0x012 
C	1
S	204	0	ACC_WR_0
L	204	1	\n0x013 
L	204	2	\n0x013 
C	1
S	204	0	ACC_WR_0
L	204	1	\n0x014 
L	204	2	\n0x014 
C	1
S	204	0	ACC_WR_0
L	204	1	\n0x015 
L	204	2	\n0x015 
C	1
S	204	0	ACC_WR_0
L	204	1	\n0x016 
L	204	2	\n0x016 
C	1
S	204	0	ACC_WR_0
L	204	1	\n0x017 
L	204	2	\n0x017 
C	1
S	204	0	ACC_WR_0
L	204	1	\n0x018 
L	204	2	\n0x018 
C	1
S	204	0	ACC_WR_0
L	204	1	\n0x019 
L	204	2	\n0x019 
C	1
S	204	0	ACC_WR_0
L	204	1	\n0x01a 
L	204	2	\n0x01a 
C	1
S	204	0	ACC_WR_0
L	204	1	\n0x01b 
L	204	2	\n0x01b 
C	1
S	204	0	ACC_WR_0
L	204	1	\n0x01c 
L	204	2	\n0x01c 
C	1
S	204	0	ACC_WR_0
L	204	1	\n0x01d 
L	204	2	\n0x01d 
C	1
S	204	0	ACC_WR_0
L	204	1	\n0x01e 
L	204	2	\n0x01e 
C	1
S	204	0	EX_RET
L	204	1	\n0x0 
L	204	2	\n0x0 
S	204	0	ACC_WR_0
L	204	1	\n0x01f 
L	204	2	\n0x01f 
C	1
R	204	204	0
S	206	0	ST_ISSUE
L	206	1	\n0x06000000 
L	206	2	\n0x06000000 
S	223	0	ACC_WR_0
L	223	1	\n0x030 
L	223	2	\n0x030 
C	1
S	223	0	ACC_WR_0
L	223	1	\n0x031 
L	223	2	\n0x031 
C	1
S	223	0	ACC_WR_0
L	223	1	\n0x032 
L	223	2	\n0x032 
C	13
S	223	0	EX_RET
L	223	1	\n0x0 
L	223	2	\n0x0 
C	1
R	223	223	0
S	225	0	ST_ISSUE
L	225	1	\n0x06000000 
L	225	2	\n0x06000000 
C	42
S	206	0	ST_RET
L	206	1	\n0x0 
L	206	2	\n0x0 
C	1
R	206	206	0
C	10
S	225	0	ST_RET
L	225	1	\n0x0
 
L	225	2	\n0x0
 
